<?xml version="1.0" encoding="UTF-8"?>
<coverage generated="1609833560792" clover="3.2.0">
  <project timestamp="1609833560792" name="All files">
    <metrics statements="458" coveredstatements="365" conditionals="239" coveredconditionals="168" methods="109" coveredmethods="84" elements="806" coveredelements="617" complexity="0" loc="458" ncloc="458" packages="1" files="12" classes="12"/>
    <file name="const.ts" path="/home/sergey/projects/yp/mf.messenger.praktikum.yandex/src/lib/const.ts">
      <metrics statements="3" coveredstatements="3" conditionals="0" coveredconditionals="0" methods="0" coveredmethods="0"/>
      <line num="1" count="6" type="stmt"/>
      <line num="30" count="6" type="stmt"/>
      <line num="32" count="6" type="stmt"/>
    </file>
    <file name="event-bus.ts" path="/home/sergey/projects/yp/mf.messenger.praktikum.yandex/src/lib/event-bus.ts">
      <metrics statements="17" coveredstatements="16" conditionals="10" coveredconditionals="8" methods="6" coveredmethods="6"/>
      <line num="6" count="4" type="stmt"/>
      <line num="11" count="4" type="cond" truecount="1" falsecount="1"/>
      <line num="12" count="0" type="stmt"/>
      <line num="14" count="4" type="stmt"/>
      <line num="19" count="75" type="cond" truecount="2" falsecount="0"/>
      <line num="20" count="8" type="stmt"/>
      <line num="22" count="75" type="stmt"/>
      <line num="26" count="4" type="cond" truecount="2" falsecount="0"/>
      <line num="27" count="1" type="stmt"/>
      <line num="30" count="3" type="stmt"/>
      <line num="31" count="19" type="stmt"/>
      <line num="36" count="41" type="cond" truecount="2" falsecount="0"/>
      <line num="38" count="1" type="stmt"/>
      <line num="39" count="1" type="stmt"/>
      <line num="41" count="40" type="stmt"/>
      <line num="42" count="247" type="cond" truecount="1" falsecount="1"/>
      <line num="47" count="4" type="stmt"/>
    </file>
    <file name="http-transport.ts" path="/home/sergey/projects/yp/mf.messenger.praktikum.yandex/src/lib/http-transport.ts">
      <metrics statements="27" coveredstatements="27" conditionals="21" coveredconditionals="17" methods="9" coveredmethods="9"/>
      <line num="15" count="2" type="stmt"/>
      <line num="28" count="2" type="stmt"/>
      <line num="29" count="2" type="stmt"/>
      <line num="32" count="2" type="cond" truecount="1" falsecount="0"/>
      <line num="37" count="2" type="cond" truecount="0" falsecount="1"/>
      <line num="42" count="3" type="cond" truecount="0" falsecount="1"/>
      <line num="47" count="2" type="cond" truecount="0" falsecount="1"/>
      <line num="53" count="7" type="stmt"/>
      <line num="55" count="7" type="cond" truecount="4" falsecount="0"/>
      <line num="57" count="7" type="stmt"/>
      <line num="58" count="7" type="stmt"/>
      <line num="59" count="7" type="stmt"/>
      <line num="60" count="7" type="stmt"/>
      <line num="61" count="7" type="stmt"/>
      <line num="62" count="7" type="cond" truecount="4" falsecount="0"/>
      <line num="63" count="1" type="stmt"/>
      <line num="64" count="1" type="stmt"/>
      <line num="67" count="7" type="stmt"/>
      <line num="68" count="7" type="stmt"/>
      <line num="71" count="7" type="stmt"/>
      <line num="72" count="7" type="stmt"/>
      <line num="73" count="7" type="stmt"/>
      <line num="75" count="7" type="cond" truecount="4" falsecount="0"/>
      <line num="76" count="2" type="stmt"/>
      <line num="77" count="5" type="cond" truecount="2" falsecount="0"/>
      <line num="78" count="1" type="stmt"/>
      <line num="80" count="4" type="stmt"/>
    </file>
    <file name="queue.ts" path="/home/sergey/projects/yp/mf.messenger.praktikum.yandex/src/lib/queue.ts">
      <metrics statements="30" coveredstatements="30" conditionals="6" coveredconditionals="6" methods="6" coveredmethods="6"/>
      <line num="15" count="44" type="stmt"/>
      <line num="16" count="44" type="stmt"/>
      <line num="17" count="44" type="stmt"/>
      <line num="23" count="20" type="stmt"/>
      <line num="24" count="20" type="cond" truecount="2" falsecount="0"/>
      <line num="25" count="9" type="stmt"/>
      <line num="26" count="9" type="stmt"/>
      <line num="27" count="9" type="stmt"/>
      <line num="29" count="11" type="stmt"/>
      <line num="30" count="11" type="stmt"/>
      <line num="31" count="11" type="stmt"/>
      <line num="32" count="11" type="stmt"/>
      <line num="34" count="20" type="stmt"/>
      <line num="39" count="4" type="cond" truecount="2" falsecount="0"/>
      <line num="40" count="3" type="stmt"/>
      <line num="42" count="3" type="cond" truecount="2" falsecount="0"/>
      <line num="43" count="1" type="stmt"/>
      <line num="44" count="1" type="stmt"/>
      <line num="45" count="1" type="stmt"/>
      <line num="46" count="1" type="stmt"/>
      <line num="49" count="2" type="stmt"/>
      <line num="50" count="2" type="stmt"/>
      <line num="51" count="2" type="stmt"/>
      <line num="52" count="2" type="stmt"/>
      <line num="56" count="1" type="stmt"/>
      <line num="60" count="162" type="stmt"/>
      <line num="64" count="1" type="stmt"/>
      <line num="65" count="1" type="stmt"/>
      <line num="66" count="3" type="stmt"/>
      <line num="67" count="3" type="stmt"/>
    </file>
    <file name="route.ts" path="/home/sergey/projects/yp/mf.messenger.praktikum.yandex/src/lib/route.ts">
      <metrics statements="14" coveredstatements="14" conditionals="10" coveredconditionals="8" methods="6" coveredmethods="6"/>
      <line num="13" count="24" type="cond" truecount="2" falsecount="0"/>
      <line num="14" count="24" type="stmt"/>
      <line num="15" count="24" type="stmt"/>
      <line num="16" count="24" type="stmt"/>
      <line num="20" count="3" type="cond" truecount="1" falsecount="1"/>
      <line num="21" count="3" type="stmt"/>
      <line num="26" count="6" type="cond" truecount="1" falsecount="1"/>
      <line num="27" count="6" type="stmt"/>
      <line num="32" count="95" type="cond" truecount="2" falsecount="0"/>
      <line num="33" count="95" type="stmt"/>
      <line num="37" count="14" type="cond" truecount="2" falsecount="0"/>
      <line num="38" count="6" type="stmt"/>
      <line num="40" count="14" type="stmt"/>
      <line num="44" count="2" type="stmt"/>
    </file>
    <file name="router.ts" path="/home/sergey/projects/yp/mf.messenger.praktikum.yandex/src/lib/router.ts">
      <metrics statements="39" coveredstatements="39" conditionals="24" coveredconditionals="24" methods="12" coveredmethods="12"/>
      <line num="8" count="6" type="stmt"/>
      <line num="10" count="6" type="stmt"/>
      <line num="21" count="6" type="cond" truecount="2" falsecount="0"/>
      <line num="22" count="5" type="stmt"/>
      <line num="24" count="1" type="stmt"/>
      <line num="25" count="1" type="stmt"/>
      <line num="26" count="1" type="stmt"/>
      <line num="27" count="1" type="stmt"/>
      <line num="31" count="16" type="stmt"/>
      <line num="32" count="16" type="stmt"/>
      <line num="33" count="16" type="stmt"/>
      <line num="37" count="6" type="stmt"/>
      <line num="38" count="2" type="stmt"/>
      <line num="41" count="6" type="stmt"/>
      <line num="45" count="20" type="stmt"/>
      <line num="46" count="20" type="cond" truecount="2" falsecount="0"/>
      <line num="47" count="15" type="cond" truecount="5" falsecount="0"/>
      <line num="48" count="2" type="stmt"/>
      <line num="49" count="2" type="stmt"/>
      <line num="51" count="13" type="cond" truecount="5" falsecount="0"/>
      <line num="52" count="2" type="stmt"/>
      <line num="53" count="2" type="stmt"/>
      <line num="56" count="11" type="cond" truecount="4" falsecount="0"/>
      <line num="57" count="5" type="stmt"/>
      <line num="59" count="11" type="stmt"/>
      <line num="60" count="11" type="stmt"/>
      <line num="61" count="11" type="stmt"/>
      <line num="62" count="11" type="stmt"/>
      <line num="64" count="5" type="cond" truecount="2" falsecount="0"/>
      <line num="65" count="1" type="stmt"/>
      <line num="66" count="1" type="stmt"/>
      <line num="68" count="4" type="cond" truecount="2" falsecount="0"/>
      <line num="69" count="2" type="stmt"/>
      <line num="74" count="12" type="stmt"/>
      <line num="75" count="12" type="stmt"/>
      <line num="79" count="1" type="stmt"/>
      <line num="83" count="1" type="stmt"/>
      <line num="87" count="20" type="cond" truecount="2" falsecount="0"/>
      <line num="88" count="92" type="stmt"/>
    </file>
    <file name="store.ts" path="/home/sergey/projects/yp/mf.messenger.praktikum.yandex/src/lib/store.ts">
      <metrics statements="16" coveredstatements="8" conditionals="4" coveredconditionals="1" methods="4" coveredmethods="1"/>
      <line num="4" count="3" type="stmt"/>
      <line num="15" count="3" type="stmt"/>
      <line num="28" count="3" type="stmt"/>
      <line num="31" count="3" type="cond" truecount="1" falsecount="1"/>
      <line num="32" count="0" type="stmt"/>
      <line num="34" count="3" type="stmt"/>
      <line num="37" count="3" type="stmt"/>
      <line num="39" count="0" type="stmt"/>
      <line num="42" count="0" type="cond" truecount="0" falsecount="2"/>
      <line num="44" count="0" type="stmt"/>
      <line num="47" count="0" type="stmt"/>
      <line num="48" count="0" type="stmt"/>
      <line num="49" count="0" type="stmt"/>
      <line num="52" count="0" type="stmt"/>
      <line num="56" count="3" type="stmt"/>
      <line num="70" count="3" type="stmt"/>
    </file>
    <file name="sue.ts" path="/home/sergey/projects/yp/mf.messenger.praktikum.yandex/src/lib/sue.ts">
      <metrics statements="188" coveredstatements="170" conditionals="90" coveredconditionals="71" methods="32" coveredmethods="26"/>
      <line num="10" count="3" type="stmt"/>
      <line num="12" count="16" type="stmt"/>
      <line num="21" count="24" type="stmt"/>
      <line num="24" count="36" type="stmt"/>
      <line num="25" count="18" type="stmt"/>
      <line num="26" count="0" type="stmt"/>
      <line num="29" count="16" type="stmt"/>
      <line num="31" count="16" type="stmt"/>
      <line num="32" count="36" type="stmt"/>
      <line num="34" count="36" type="stmt"/>
      <line num="36" count="36" type="stmt"/>
      <line num="38" count="36" type="stmt"/>
      <line num="41" count="36" type="stmt"/>
      <line num="43" count="36" type="stmt"/>
      <line num="45" count="36" type="stmt"/>
      <line num="47" count="36" type="stmt"/>
      <line num="49" count="36" type="stmt"/>
      <line num="51" count="36" type="stmt"/>
      <line num="53" count="36" type="stmt"/>
      <line num="55" count="36" type="stmt"/>
      <line num="58" count="36" type="stmt"/>
      <line num="59" count="36" type="stmt"/>
      <line num="62" count="36" type="stmt"/>
      <line num="63" count="36" type="stmt"/>
      <line num="64" count="36" type="stmt"/>
      <line num="65" count="36" type="stmt"/>
      <line num="66" count="36" type="cond" truecount="1" falsecount="1"/>
      <line num="67" count="36" type="cond" truecount="1" falsecount="1"/>
      <line num="69" count="160" type="stmt"/>
      <line num="71" count="36" type="stmt"/>
      <line num="72" count="36" type="stmt"/>
      <line num="75" count="36" type="stmt"/>
      <line num="76" count="0" type="cond" truecount="0" falsecount="2"/>
      <line num="77" count="0" type="stmt"/>
      <line num="81" count="50" type="stmt"/>
      <line num="83" count="36" type="stmt"/>
      <line num="84" count="40" type="stmt"/>
      <line num="87" count="36" type="stmt"/>
      <line num="89" count="36" type="stmt"/>
      <line num="90" count="36" type="stmt"/>
      <line num="91" count="36" type="stmt"/>
      <line num="95" count="36" type="stmt"/>
      <line num="96" count="0" type="stmt"/>
      <line num="97" count="0" type="cond" truecount="0" falsecount="2"/>
      <line num="98" count="0" type="stmt"/>
      <line num="106" count="36" type="stmt"/>
      <line num="107" count="224" type="cond" truecount="2" falsecount="0"/>
      <line num="108" count="210" type="cond" truecount="2" falsecount="0"/>
      <line num="109" count="200" type="stmt"/>
      <line num="110" count="200" type="stmt"/>
      <line num="112" count="200" type="stmt"/>
      <line num="114" count="195" type="stmt"/>
      <line num="115" count="195" type="stmt"/>
      <line num="116" count="195" type="stmt"/>
      <line num="118" count="195" type="cond" truecount="2" falsecount="0"/>
      <line num="120" count="10" type="stmt"/>
      <line num="126" count="36" type="stmt"/>
      <line num="127" count="160" type="cond" truecount="3" falsecount="1"/>
      <line num="129" count="0" type="stmt"/>
      <line num="130" count="0" type="stmt"/>
      <line num="131" count="0" type="stmt"/>
      <line num="133" count="0" type="stmt"/>
      <line num="137" count="36" type="stmt"/>
      <line num="139" count="156" type="stmt"/>
      <line num="143" count="1" type="stmt"/>
      <line num="144" count="1" type="stmt"/>
      <line num="145" count="1" type="stmt"/>
      <line num="148" count="0" type="stmt"/>
      <line num="153" count="36" type="stmt"/>
      <line num="154" count="63" type="cond" truecount="2" falsecount="0"/>
      <line num="155" count="1" type="stmt"/>
      <line num="157" count="62" type="stmt"/>
      <line num="159" count="51" type="stmt"/>
      <line num="160" count="51" type="cond" truecount="1" falsecount="1"/>
      <line num="161" count="0" type="stmt"/>
      <line num="164" count="51" type="stmt"/>
      <line num="165" count="51" type="cond" truecount="2" falsecount="0"/>
      <line num="166" count="18" type="stmt"/>
      <line num="167" count="18" type="stmt"/>
      <line num="168" count="18" type="cond" truecount="4" falsecount="1"/>
      <line num="169" count="0" type="stmt"/>
      <line num="171" count="18" type="stmt"/>
      <line num="174" count="33" type="cond" truecount="2" falsecount="0"/>
      <line num="175" count="1" type="stmt"/>
      <line num="178" count="32" type="stmt"/>
      <line num="181" count="61" type="cond" truecount="1" falsecount="1"/>
      <line num="182" count="0" type="stmt"/>
      <line num="184" count="61" type="cond" truecount="1" falsecount="1"/>
      <line num="185" count="0" type="stmt"/>
      <line num="187" count="61" type="cond" truecount="1" falsecount="1"/>
      <line num="191" count="675" type="stmt"/>
      <line num="192" count="675" type="stmt"/>
      <line num="198" count="36" type="cond" truecount="1" falsecount="0"/>
      <line num="199" count="451" type="cond" truecount="4" falsecount="0"/>
      <line num="200" count="343" type="stmt"/>
      <line num="201" count="343" type="stmt"/>
      <line num="205" count="343" type="cond" truecount="2" falsecount="0"/>
      <line num="206" count="6" type="cond" truecount="1" falsecount="1"/>
      <line num="208" count="6" type="stmt"/>
      <line num="209" count="6" type="cond" truecount="1" falsecount="1"/>
      <line num="210" count="0" type="stmt"/>
      <line num="212" count="6" type="stmt"/>
      <line num="213" count="6" type="cond" truecount="1" falsecount="1"/>
      <line num="214" count="6" type="cond" truecount="4" falsecount="1"/>
      <line num="215" count="0" type="stmt"/>
      <line num="217" count="6" type="cond" truecount="1" falsecount="1"/>
      <line num="218" count="0" type="stmt"/>
      <line num="220" count="6" type="stmt"/>
      <line num="221" count="6" type="stmt"/>
      <line num="222" count="6" type="cond" truecount="2" falsecount="0"/>
      <line num="223" count="1" type="stmt"/>
      <line num="224" count="1" type="stmt"/>
      <line num="225" count="1" type="stmt"/>
      <line num="226" count="1" type="stmt"/>
      <line num="227" count="1" type="stmt"/>
      <line num="228" count="1" type="stmt"/>
      <line num="229" count="1" type="stmt"/>
      <line num="232" count="6" type="cond" truecount="2" falsecount="0"/>
      <line num="233" count="1" type="stmt"/>
      <line num="234" count="1" type="stmt"/>
      <line num="235" count="1" type="stmt"/>
      <line num="236" count="1" type="stmt"/>
      <line num="237" count="3" type="stmt"/>
      <line num="238" count="3" type="stmt"/>
      <line num="239" count="3" type="stmt"/>
      <line num="240" count="3" type="stmt"/>
      <line num="244" count="343" type="stmt"/>
      <line num="245" count="234" type="stmt"/>
      <line num="246" count="234" type="cond" truecount="2" falsecount="0"/>
      <line num="247" count="63" type="cond" truecount="1" falsecount="1"/>
      <line num="248" count="62" type="stmt"/>
      <line num="249" count="62" type="stmt"/>
      <line num="250" count="60" type="cond" truecount="3" falsecount="0"/>
      <line num="252" count="40" type="cond" truecount="2" falsecount="0"/>
      <line num="253" count="40" type="stmt"/>
      <line num="255" count="11" type="cond" truecount="2" falsecount="0"/>
      <line num="256" count="1" type="stmt"/>
      <line num="258" count="11" type="stmt"/>
      <line num="260" count="9" type="cond" truecount="2" falsecount="0"/>
      <line num="261" count="2" type="stmt"/>
      <line num="265" count="231" type="cond" truecount="2" falsecount="0"/>
      <line num="266" count="9" type="stmt"/>
      <line num="268" count="9" type="cond" truecount="2" falsecount="0"/>
      <line num="269" count="3" type="cond" truecount="2" falsecount="0"/>
      <line num="270" count="1" type="stmt"/>
      <line num="272" count="2" type="cond" truecount="1" falsecount="1"/>
      <line num="273" count="2" type="cond" truecount="2" falsecount="0"/>
      <line num="274" count="1" type="stmt"/>
      <line num="276" count="1" type="stmt"/>
      <line num="281" count="338" type="stmt"/>
      <line num="285" count="65" type="stmt"/>
      <line num="286" count="65" type="stmt"/>
      <line num="288" count="65" type="stmt"/>
      <line num="289" count="65" type="stmt"/>
      <line num="290" count="65" type="cond" truecount="2" falsecount="0"/>
      <line num="292" count="13" type="stmt"/>
      <line num="293" count="13" type="stmt"/>
      <line num="294" count="13" type="stmt"/>
      <line num="295" count="13" type="stmt"/>
      <line num="298" count="52" type="stmt"/>
      <line num="299" count="52" type="stmt"/>
      <line num="300" count="52" type="cond" truecount="2" falsecount="0"/>
      <line num="301" count="33" type="stmt"/>
      <line num="302" count="33" type="stmt"/>
      <line num="303" count="33" type="stmt"/>
      <line num="304" count="33" type="stmt"/>
      <line num="307" count="19" type="stmt"/>
      <line num="308" count="19" type="stmt"/>
      <line num="309" count="19" type="cond" truecount="2" falsecount="0"/>
      <line num="310" count="18" type="stmt"/>
      <line num="311" count="18" type="stmt"/>
      <line num="312" count="18" type="stmt"/>
      <line num="313" count="18" type="stmt"/>
      <line num="315" count="1" type="stmt"/>
      <line num="319" count="18" type="stmt"/>
      <line num="320" count="18" type="stmt"/>
      <line num="321" count="18" type="stmt"/>
      <line num="324" count="36" type="stmt"/>
      <line num="325" count="26" type="stmt"/>
      <line num="326" count="26" type="stmt"/>
      <line num="327" count="26" type="stmt"/>
      <line num="328" count="26" type="stmt"/>
      <line num="331" count="36" type="stmt"/>
      <line num="332" count="6" type="stmt"/>
      <line num="333" count="6" type="stmt"/>
      <line num="334" count="6" type="stmt"/>
      <line num="337" count="16" type="stmt"/>
      <line num="338" count="16" type="stmt"/>
    </file>
    <file name="toaster.ts" path="/home/sergey/projects/yp/mf.messenger.praktikum.yandex/src/lib/toaster.ts">
      <metrics statements="43" coveredstatements="40" conditionals="28" coveredconditionals="22" methods="8" coveredmethods="8"/>
      <line num="4" count="1" type="stmt"/>
      <line num="19" count="1" type="stmt"/>
      <line num="21" count="1" type="stmt"/>
      <line num="24" count="1" type="cond" truecount="1" falsecount="1"/>
      <line num="25" count="0" type="stmt"/>
      <line num="27" count="1" type="stmt"/>
      <line num="28" count="1" type="stmt"/>
      <line num="29" count="1" type="stmt"/>
      <line num="33" count="2" type="stmt"/>
      <line num="34" count="2" type="stmt"/>
      <line num="35" count="2" type="stmt"/>
      <line num="36" count="2" type="stmt"/>
      <line num="41" count="3" type="stmt"/>
      <line num="42" count="3" type="cond" truecount="2" falsecount="0"/>
      <line num="43" count="2" type="stmt"/>
      <line num="44" count="2" type="stmt"/>
      <line num="45" count="2" type="stmt"/>
      <line num="53" count="7" type="stmt"/>
      <line num="54" count="7" type="cond" truecount="2" falsecount="0"/>
      <line num="55" count="1" type="stmt"/>
      <line num="57" count="6" type="cond" truecount="2" falsecount="0"/>
      <line num="58" count="1" type="stmt"/>
      <line num="60" count="5" type="cond" truecount="2" falsecount="0"/>
      <line num="61" count="1" type="cond" truecount="1" falsecount="1"/>
      <line num="63" count="4" type="cond" truecount="2" falsecount="0"/>
      <line num="64" count="1" type="stmt"/>
      <line num="66" count="3" type="cond" truecount="4" falsecount="0"/>
      <line num="67" count="1" type="cond" truecount="1" falsecount="1"/>
      <line num="69" count="2" type="cond" truecount="2" falsecount="0"/>
      <line num="70" count="1" type="stmt"/>
      <line num="72" count="1" type="cond" truecount="1" falsecount="1"/>
      <line num="74" count="1" type="stmt"/>
      <line num="79" count="0" type="stmt"/>
      <line num="81" count="7" type="cond" truecount="1" falsecount="1"/>
      <line num="82" count="0" type="stmt"/>
      <line num="84" count="7" type="stmt"/>
      <line num="88" count="2" type="stmt"/>
      <line num="89" count="2" type="stmt"/>
      <line num="90" count="2" type="stmt"/>
      <line num="91" count="2" type="stmt"/>
      <line num="92" count="2" type="stmt"/>
      <line num="93" count="2" type="stmt"/>
      <line num="96" count="1" type="stmt"/>
    </file>
    <file name="types.d.ts" path="/home/sergey/projects/yp/mf.messenger.praktikum.yandex/src/lib/types.d.ts">
      <metrics statements="0" coveredstatements="0" conditionals="0" coveredconditionals="0" methods="0" coveredmethods="0"/>
    </file>
    <file name="utils.ts" path="/home/sergey/projects/yp/mf.messenger.praktikum.yandex/src/lib/utils.ts">
      <metrics statements="56" coveredstatements="18" conditionals="34" coveredconditionals="11" methods="23" coveredmethods="10"/>
      <line num="10" count="6" type="cond" truecount="4" falsecount="0"/>
      <line num="17" count="4" type="stmt"/>
      <line num="21" count="4" type="cond" truecount="2" falsecount="0"/>
      <line num="25" count="4" type="cond" truecount="1" falsecount="1"/>
      <line num="29" count="2" type="stmt"/>
      <line num="31" count="2" type="stmt"/>
      <line num="32" count="4" type="stmt"/>
      <line num="33" count="4" type="cond" truecount="1" falsecount="1"/>
      <line num="34" count="0" type="stmt"/>
      <line num="36" count="4" type="stmt"/>
      <line num="40" count="2" type="stmt"/>
      <line num="44" count="2" type="cond" truecount="1" falsecount="1"/>
      <line num="45" count="0" type="stmt"/>
      <line num="48" count="4" type="stmt"/>
      <line num="52" count="0" type="cond" truecount="0" falsecount="2"/>
      <line num="53" count="0" type="stmt"/>
      <line num="55" count="0" type="stmt"/>
      <line num="56" count="0" type="stmt"/>
      <line num="57" count="0" type="cond" truecount="0" falsecount="4"/>
      <line num="58" count="0" type="stmt"/>
      <line num="60" count="0" type="cond" truecount="0" falsecount="2"/>
      <line num="61" count="0" type="stmt"/>
      <line num="64" count="0" type="stmt"/>
      <line num="68" count="7" type="cond" truecount="2" falsecount="0"/>
      <line num="69" count="4" type="stmt"/>
      <line num="70" count="4" type="stmt"/>
      <line num="72" count="2" type="stmt"/>
      <line num="74" count="2" type="stmt"/>
      <line num="78" count="50" type="stmt"/>
      <line num="82" count="0" type="stmt"/>
      <line num="86" count="0" type="stmt"/>
      <line num="98" count="0" type="cond" truecount="0" falsecount="2"/>
      <line num="102" count="0" type="cond" truecount="0" falsecount="2"/>
      <line num="103" count="0" type="stmt"/>
      <line num="104" count="0" type="cond" truecount="0" falsecount="2"/>
      <line num="105" count="0" type="cond" truecount="0" falsecount="2"/>
      <line num="106" count="0" type="cond" truecount="0" falsecount="2"/>
      <line num="107" count="0" type="stmt"/>
      <line num="108" count="0" type="stmt"/>
      <line num="110" count="0" type="stmt"/>
      <line num="116" count="0" type="stmt"/>
      <line num="118" count="0" type="stmt"/>
      <line num="121" count="0" type="cond" truecount="0" falsecount="2"/>
      <line num="125" count="0" type="stmt"/>
      <line num="126" count="0" type="stmt"/>
      <line num="127" count="0" type="stmt"/>
      <line num="128" count="0" type="stmt"/>
      <line num="129" count="0" type="stmt"/>
      <line num="130" count="0" type="stmt"/>
      <line num="131" count="0" type="stmt"/>
      <line num="135" count="0" type="stmt"/>
      <line num="136" count="0" type="stmt"/>
      <line num="137" count="0" type="stmt"/>
      <line num="138" count="0" type="stmt"/>
      <line num="139" count="0" type="stmt"/>
      <line num="140" count="0" type="stmt"/>
    </file>
    <file name="validate.ts" path="/home/sergey/projects/yp/mf.messenger.praktikum.yandex/src/lib/validate.ts">
      <metrics statements="25" coveredstatements="0" conditionals="12" coveredconditionals="0" methods="3" coveredmethods="0"/>
      <line num="16" count="0" type="stmt"/>
      <line num="21" count="0" type="cond" truecount="0" falsecount="2"/>
      <line num="22" count="0" type="stmt"/>
      <line num="24" count="0" type="stmt"/>
      <line num="25" count="0" type="stmt"/>
      <line num="40" count="0" type="stmt"/>
      <line num="41" count="0" type="stmt"/>
      <line num="43" count="0" type="stmt"/>
      <line num="44" count="0" type="cond" truecount="0" falsecount="2"/>
      <line num="45" count="0" type="stmt"/>
      <line num="46" count="0" type="cond" truecount="0" falsecount="2"/>
      <line num="47" count="0" type="stmt"/>
      <line num="48" count="0" type="stmt"/>
      <line num="49" count="0" type="stmt"/>
      <line num="51" count="0" type="stmt"/>
      <line num="53" count="0" type="cond" truecount="0" falsecount="2"/>
      <line num="54" count="0" type="stmt"/>
      <line num="57" count="0" type="stmt"/>
      <line num="58" count="0" type="cond" truecount="0" falsecount="4"/>
      <line num="59" count="0" type="stmt"/>
      <line num="60" count="0" type="stmt"/>
      <line num="61" count="0" type="stmt"/>
      <line num="63" count="0" type="stmt"/>
      <line num="65" count="0" type="stmt"/>
      <line num="66" count="0" type="stmt"/>
    </file>
  </project>
</coverage>
