{"/home/sergey/projects/yp/mf.messenger.praktikum.yandex/src/lib/const.ts": {"path":"/home/sergey/projects/yp/mf.messenger.praktikum.yandex/src/lib/const.ts","statementMap":{"0":{"start":{"line":1,"column":21},"end":{"line":28,"column":2}},"1":{"start":{"line":30,"column":26},"end":{"line":30,"column":53}},"2":{"start":{"line":32,"column":26},"end":{"line":32,"column":48}}},"fnMap":{},"branchMap":{},"s":{"0":6,"1":6,"2":6},"f":{},"b":{},"_coverageSchema":"1a1c01bbd47fc00a2c39e90264f33305004495a9","hash":"95b981b842d21b2ea60d99d08fdd71e717cc96b2"}
,"/home/sergey/projects/yp/mf.messenger.praktikum.yandex/src/lib/event-bus.ts": {"path":"/home/sergey/projects/yp/mf.messenger.praktikum.yandex/src/lib/event-bus.ts","statementMap":{"0":{"start":{"line":6,"column":35},"end":{"line":6,"column":37}},"1":{"start":{"line":11,"column":4},"end":{"line":13,"column":5}},"2":{"start":{"line":12,"column":6},"end":{"line":12,"column":31}},"3":{"start":{"line":14,"column":4},"end":{"line":14,"column":29}},"4":{"start":{"line":19,"column":4},"end":{"line":21,"column":5}},"5":{"start":{"line":20,"column":6},"end":{"line":20,"column":33}},"6":{"start":{"line":22,"column":4},"end":{"line":22,"column":41}},"7":{"start":{"line":26,"column":4},"end":{"line":28,"column":5}},"8":{"start":{"line":27,"column":6},"end":{"line":27,"column":47}},"9":{"start":{"line":30,"column":4},"end":{"line":32,"column":6}},"10":{"start":{"line":31,"column":20},"end":{"line":31,"column":41}},"11":{"start":{"line":36,"column":4},"end":{"line":40,"column":5}},"12":{"start":{"line":38,"column":6},"end":{"line":38,"column":45}},"13":{"start":{"line":39,"column":6},"end":{"line":39,"column":13}},"14":{"start":{"line":41,"column":4},"end":{"line":43,"column":7}},"15":{"start":{"line":42,"column":6},"end":{"line":42,"column":60}},"16":{"start":{"line":42,"column":42},"end":{"line":42,"column":60}},"17":{"start":{"line":47,"column":17},"end":{"line":47,"column":31}}},"fnMap":{"0":{"name":"(anonymous_0)","decl":{"start":{"line":10,"column":2},"end":{"line":10,"column":3}},"loc":{"start":{"line":10,"column":16},"end":{"line":15,"column":3}},"line":10},"1":{"name":"(anonymous_1)","decl":{"start":{"line":17,"column":2},"end":{"line":17,"column":3}},"loc":{"start":{"line":17,"column":66},"end":{"line":23,"column":3}},"line":17},"2":{"name":"(anonymous_2)","decl":{"start":{"line":25,"column":2},"end":{"line":25,"column":3}},"loc":{"start":{"line":25,"column":49},"end":{"line":33,"column":3}},"line":25},"3":{"name":"(anonymous_3)","decl":{"start":{"line":31,"column":6},"end":{"line":31,"column":7}},"loc":{"start":{"line":31,"column":20},"end":{"line":31,"column":41}},"line":31},"4":{"name":"(anonymous_4)","decl":{"start":{"line":35,"column":2},"end":{"line":35,"column":3}},"loc":{"start":{"line":35,"column":47},"end":{"line":44,"column":3}},"line":35},"5":{"name":"(anonymous_5)","decl":{"start":{"line":41,"column":34},"end":{"line":41,"column":35}},"loc":{"start":{"line":41,"column":48},"end":{"line":43,"column":5}},"line":41}},"branchMap":{"0":{"loc":{"start":{"line":11,"column":4},"end":{"line":13,"column":5}},"type":"if","locations":[{"start":{"line":11,"column":4},"end":{"line":13,"column":5}},{"start":{"line":11,"column":4},"end":{"line":13,"column":5}}],"line":11},"1":{"loc":{"start":{"line":19,"column":4},"end":{"line":21,"column":5}},"type":"if","locations":[{"start":{"line":19,"column":4},"end":{"line":21,"column":5}},{"start":{"line":19,"column":4},"end":{"line":21,"column":5}}],"line":19},"2":{"loc":{"start":{"line":26,"column":4},"end":{"line":28,"column":5}},"type":"if","locations":[{"start":{"line":26,"column":4},"end":{"line":28,"column":5}},{"start":{"line":26,"column":4},"end":{"line":28,"column":5}}],"line":26},"3":{"loc":{"start":{"line":36,"column":4},"end":{"line":40,"column":5}},"type":"if","locations":[{"start":{"line":36,"column":4},"end":{"line":40,"column":5}},{"start":{"line":36,"column":4},"end":{"line":40,"column":5}}],"line":36},"4":{"loc":{"start":{"line":42,"column":6},"end":{"line":42,"column":60}},"type":"if","locations":[{"start":{"line":42,"column":6},"end":{"line":42,"column":60}},{"start":{"line":42,"column":6},"end":{"line":42,"column":60}}],"line":42}},"s":{"0":4,"1":4,"2":0,"3":4,"4":75,"5":8,"6":75,"7":4,"8":1,"9":3,"10":19,"11":41,"12":1,"13":1,"14":40,"15":247,"16":247,"17":4},"f":{"0":4,"1":75,"2":4,"3":19,"4":41,"5":247},"b":{"0":[0,4],"1":[8,67],"2":[1,3],"3":[1,40],"4":[247,0]},"_coverageSchema":"1a1c01bbd47fc00a2c39e90264f33305004495a9","hash":"a78c838e2cdca6b7958275c9226c8a56cc8c4d1b"}
,"/home/sergey/projects/yp/mf.messenger.praktikum.yandex/src/lib/http-transport.ts": {"path":"/home/sergey/projects/yp/mf.messenger.praktikum.yandex/src/lib/http-transport.ts","statementMap":{"0":{"start":{"line":15,"column":12},"end":{"line":21,"column":4}},"1":{"start":{"line":28,"column":4},"end":{"line":28,"column":25}},"2":{"start":{"line":29,"column":4},"end":{"line":29,"column":26}},"3":{"start":{"line":32,"column":8},"end":{"line":35,"column":46}},"4":{"start":{"line":32,"column":84},"end":{"line":35,"column":46}},"5":{"start":{"line":37,"column":8},"end":{"line":40,"column":46}},"6":{"start":{"line":37,"column":84},"end":{"line":40,"column":46}},"7":{"start":{"line":42,"column":9},"end":{"line":45,"column":46}},"8":{"start":{"line":42,"column":85},"end":{"line":45,"column":46}},"9":{"start":{"line":47,"column":11},"end":{"line":50,"column":46}},"10":{"start":{"line":47,"column":87},"end":{"line":50,"column":46}},"11":{"start":{"line":53,"column":38},"end":{"line":53,"column":45}},"12":{"start":{"line":55,"column":20},"end":{"line":55,"column":113}},"13":{"start":{"line":57,"column":4},"end":{"line":82,"column":7}},"14":{"start":{"line":58,"column":18},"end":{"line":58,"column":38}},"15":{"start":{"line":59,"column":6},"end":{"line":59,"column":28}},"16":{"start":{"line":60,"column":6},"end":{"line":60,"column":44}},"17":{"start":{"line":61,"column":6},"end":{"line":61,"column":74}},"18":{"start":{"line":62,"column":6},"end":{"line":66,"column":7}},"19":{"start":{"line":63,"column":8},"end":{"line":65,"column":11}},"20":{"start":{"line":64,"column":10},"end":{"line":64,"column":56}},"21":{"start":{"line":67,"column":6},"end":{"line":69,"column":8}},"22":{"start":{"line":68,"column":8},"end":{"line":68,"column":21}},"23":{"start":{"line":71,"column":6},"end":{"line":71,"column":27}},"24":{"start":{"line":72,"column":6},"end":{"line":72,"column":27}},"25":{"start":{"line":73,"column":6},"end":{"line":73,"column":29}},"26":{"start":{"line":75,"column":6},"end":{"line":81,"column":7}},"27":{"start":{"line":76,"column":8},"end":{"line":76,"column":19}},"28":{"start":{"line":77,"column":13},"end":{"line":81,"column":7}},"29":{"start":{"line":78,"column":8},"end":{"line":78,"column":23}},"30":{"start":{"line":80,"column":8},"end":{"line":80,"column":39}}},"fnMap":{"0":{"name":"(anonymous_0)","decl":{"start":{"line":27,"column":2},"end":{"line":27,"column":3}},"loc":{"start":{"line":27,"column":48},"end":{"line":30,"column":3}},"line":27},"1":{"name":"(anonymous_1)","decl":{"start":{"line":32,"column":8},"end":{"line":32,"column":9}},"loc":{"start":{"line":32,"column":84},"end":{"line":35,"column":46}},"line":32},"2":{"name":"(anonymous_2)","decl":{"start":{"line":37,"column":8},"end":{"line":37,"column":9}},"loc":{"start":{"line":37,"column":84},"end":{"line":40,"column":46}},"line":37},"3":{"name":"(anonymous_3)","decl":{"start":{"line":42,"column":9},"end":{"line":42,"column":10}},"loc":{"start":{"line":42,"column":85},"end":{"line":45,"column":46}},"line":42},"4":{"name":"(anonymous_4)","decl":{"start":{"line":47,"column":11},"end":{"line":47,"column":12}},"loc":{"start":{"line":47,"column":87},"end":{"line":50,"column":46}},"line":47},"5":{"name":"(anonymous_5)","decl":{"start":{"line":52,"column":2},"end":{"line":52,"column":3}},"loc":{"start":{"line":52,"column":117},"end":{"line":83,"column":3}},"line":52},"6":{"name":"(anonymous_6)","decl":{"start":{"line":57,"column":23},"end":{"line":57,"column":24}},"loc":{"start":{"line":57,"column":44},"end":{"line":82,"column":5}},"line":57},"7":{"name":"(anonymous_7)","decl":{"start":{"line":63,"column":37},"end":{"line":63,"column":38}},"loc":{"start":{"line":63,"column":49},"end":{"line":65,"column":9}},"line":63},"8":{"name":"(anonymous_8)","decl":{"start":{"line":67,"column":19},"end":{"line":67,"column":20}},"loc":{"start":{"line":67,"column":25},"end":{"line":69,"column":7}},"line":67}},"branchMap":{"0":{"loc":{"start":{"line":27,"column":14},"end":{"line":27,"column":30}},"type":"default-arg","locations":[{"start":{"line":27,"column":20},"end":{"line":27,"column":30}}],"line":27},"1":{"loc":{"start":{"line":32,"column":22},"end":{"line":32,"column":54}},"type":"default-arg","locations":[{"start":{"line":32,"column":52},"end":{"line":32,"column":54}}],"line":32},"2":{"loc":{"start":{"line":37,"column":22},"end":{"line":37,"column":54}},"type":"default-arg","locations":[{"start":{"line":37,"column":52},"end":{"line":37,"column":54}}],"line":37},"3":{"loc":{"start":{"line":42,"column":23},"end":{"line":42,"column":55}},"type":"default-arg","locations":[{"start":{"line":42,"column":53},"end":{"line":42,"column":55}}],"line":42},"4":{"loc":{"start":{"line":47,"column":25},"end":{"line":47,"column":57}},"type":"default-arg","locations":[{"start":{"line":47,"column":55},"end":{"line":47,"column":57}}],"line":47},"5":{"loc":{"start":{"line":52,"column":52},"end":{"line":52,"column":66}},"type":"default-arg","locations":[{"start":{"line":52,"column":62},"end":{"line":52,"column":66}}],"line":52},"6":{"loc":{"start":{"line":52,"column":68},"end":{"line":52,"column":90}},"type":"default-arg","locations":[{"start":{"line":52,"column":86},"end":{"line":52,"column":90}}],"line":52},"7":{"loc":{"start":{"line":55,"column":20},"end":{"line":55,"column":113}},"type":"cond-expr","locations":[{"start":{"line":55,"column":60},"end":{"line":55,"column":107}},{"start":{"line":55,"column":110},"end":{"line":55,"column":113}}],"line":55},"8":{"loc":{"start":{"line":55,"column":21},"end":{"line":55,"column":56}},"type":"binary-expr","locations":[{"start":{"line":55,"column":21},"end":{"line":55,"column":48}},{"start":{"line":55,"column":52},"end":{"line":55,"column":56}}],"line":55},"9":{"loc":{"start":{"line":62,"column":6},"end":{"line":66,"column":7}},"type":"if","locations":[{"start":{"line":62,"column":6},"end":{"line":66,"column":7}},{"start":{"line":62,"column":6},"end":{"line":66,"column":7}}],"line":62},"10":{"loc":{"start":{"line":62,"column":10},"end":{"line":62,"column":52}},"type":"binary-expr","locations":[{"start":{"line":62,"column":10},"end":{"line":62,"column":17}},{"start":{"line":62,"column":21},"end":{"line":62,"column":52}}],"line":62},"11":{"loc":{"start":{"line":75,"column":6},"end":{"line":81,"column":7}},"type":"if","locations":[{"start":{"line":75,"column":6},"end":{"line":81,"column":7}},{"start":{"line":75,"column":6},"end":{"line":81,"column":7}}],"line":75},"12":{"loc":{"start":{"line":75,"column":10},"end":{"line":75,"column":46}},"type":"binary-expr","locations":[{"start":{"line":75,"column":10},"end":{"line":75,"column":37}},{"start":{"line":75,"column":41},"end":{"line":75,"column":46}}],"line":75},"13":{"loc":{"start":{"line":77,"column":13},"end":{"line":81,"column":7}},"type":"if","locations":[{"start":{"line":77,"column":13},"end":{"line":81,"column":7}},{"start":{"line":77,"column":13},"end":{"line":81,"column":7}}],"line":77}},"s":{"0":2,"1":2,"2":2,"3":2,"4":2,"5":2,"6":1,"7":2,"8":3,"9":2,"10":1,"11":7,"12":7,"13":7,"14":7,"15":7,"16":7,"17":7,"18":7,"19":1,"20":1,"21":7,"22":7,"23":7,"24":7,"25":7,"26":7,"27":2,"28":5,"29":1,"30":4},"f":{"0":2,"1":2,"2":1,"3":3,"4":1,"5":7,"6":7,"7":1,"8":7},"b":{"0":[0],"1":[1],"2":[0],"3":[0],"4":[0],"5":[7],"6":[7],"7":[1,6],"8":[7,2],"9":[1,6],"10":[7,1],"11":[2,5],"12":[7,5],"13":[1,4]},"_coverageSchema":"1a1c01bbd47fc00a2c39e90264f33305004495a9","hash":"82514ec6230be88e43617f30298722f05010fa67"}
,"/home/sergey/projects/yp/mf.messenger.praktikum.yandex/src/lib/queue.ts": {"path":"/home/sergey/projects/yp/mf.messenger.praktikum.yandex/src/lib/queue.ts","statementMap":{"0":{"start":{"line":15,"column":4},"end":{"line":15,"column":18}},"1":{"start":{"line":16,"column":4},"end":{"line":16,"column":21}},"2":{"start":{"line":17,"column":4},"end":{"line":17,"column":21}},"3":{"start":{"line":23,"column":30},"end":{"line":23,"column":63}},"4":{"start":{"line":24,"column":4},"end":{"line":33,"column":5}},"5":{"start":{"line":25,"column":6},"end":{"line":25,"column":23}},"6":{"start":{"line":26,"column":6},"end":{"line":26,"column":23}},"7":{"start":{"line":27,"column":6},"end":{"line":27,"column":20}},"8":{"start":{"line":29,"column":6},"end":{"line":29,"column":28}},"9":{"start":{"line":30,"column":6},"end":{"line":30,"column":28}},"10":{"start":{"line":31,"column":6},"end":{"line":31,"column":23}},"11":{"start":{"line":32,"column":6},"end":{"line":32,"column":21}},"12":{"start":{"line":34,"column":4},"end":{"line":34,"column":21}},"13":{"start":{"line":39,"column":4},"end":{"line":39,"column":37}},"14":{"start":{"line":39,"column":20},"end":{"line":39,"column":37}},"15":{"start":{"line":40,"column":16},"end":{"line":40,"column":31}},"16":{"start":{"line":42,"column":4},"end":{"line":47,"column":5}},"17":{"start":{"line":43,"column":6},"end":{"line":43,"column":20}},"18":{"start":{"line":44,"column":6},"end":{"line":44,"column":23}},"19":{"start":{"line":45,"column":6},"end":{"line":45,"column":23}},"20":{"start":{"line":46,"column":6},"end":{"line":46,"column":17}},"21":{"start":{"line":49,"column":4},"end":{"line":49,"column":19}},"22":{"start":{"line":50,"column":4},"end":{"line":50,"column":31}},"23":{"start":{"line":51,"column":4},"end":{"line":51,"column":31}},"24":{"start":{"line":52,"column":4},"end":{"line":52,"column":15}},"25":{"start":{"line":56,"column":4},"end":{"line":56,"column":28}},"26":{"start":{"line":60,"column":4},"end":{"line":60,"column":27}},"27":{"start":{"line":64,"column":18},"end":{"line":64,"column":27}},"28":{"start":{"line":65,"column":4},"end":{"line":68,"column":5}},"29":{"start":{"line":66,"column":6},"end":{"line":66,"column":26}},"30":{"start":{"line":67,"column":6},"end":{"line":67,"column":29}}},"fnMap":{"0":{"name":"(anonymous_0)","decl":{"start":{"line":14,"column":2},"end":{"line":14,"column":3}},"loc":{"start":{"line":14,"column":16},"end":{"line":18,"column":3}},"line":14},"1":{"name":"(anonymous_1)","decl":{"start":{"line":22,"column":2},"end":{"line":22,"column":3}},"loc":{"start":{"line":22,"column":28},"end":{"line":35,"column":3}},"line":22},"2":{"name":"(anonymous_2)","decl":{"start":{"line":37,"column":2},"end":{"line":37,"column":3}},"loc":{"start":{"line":37,"column":27},"end":{"line":53,"column":3}},"line":37},"3":{"name":"(anonymous_3)","decl":{"start":{"line":55,"column":2},"end":{"line":55,"column":3}},"loc":{"start":{"line":55,"column":24},"end":{"line":57,"column":3}},"line":55},"4":{"name":"(anonymous_4)","decl":{"start":{"line":59,"column":2},"end":{"line":59,"column":3}},"loc":{"start":{"line":59,"column":21},"end":{"line":61,"column":3}},"line":59},"5":{"name":"(anonymous_5)","decl":{"start":{"line":63,"column":2},"end":{"line":63,"column":3}},"loc":{"start":{"line":63,"column":27},"end":{"line":69,"column":3}},"line":63}},"branchMap":{"0":{"loc":{"start":{"line":24,"column":4},"end":{"line":33,"column":5}},"type":"if","locations":[{"start":{"line":24,"column":4},"end":{"line":33,"column":5}},{"start":{"line":24,"column":4},"end":{"line":33,"column":5}}],"line":24},"1":{"loc":{"start":{"line":39,"column":4},"end":{"line":39,"column":37}},"type":"if","locations":[{"start":{"line":39,"column":4},"end":{"line":39,"column":37}},{"start":{"line":39,"column":4},"end":{"line":39,"column":37}}],"line":39},"2":{"loc":{"start":{"line":42,"column":4},"end":{"line":47,"column":5}},"type":"if","locations":[{"start":{"line":42,"column":4},"end":{"line":47,"column":5}},{"start":{"line":42,"column":4},"end":{"line":47,"column":5}}],"line":42}},"s":{"0":44,"1":44,"2":44,"3":20,"4":20,"5":9,"6":9,"7":9,"8":11,"9":11,"10":11,"11":11,"12":20,"13":4,"14":1,"15":3,"16":3,"17":1,"18":1,"19":1,"20":1,"21":2,"22":2,"23":2,"24":2,"25":1,"26":162,"27":1,"28":1,"29":3,"30":3},"f":{"0":44,"1":20,"2":4,"3":1,"4":162,"5":1},"b":{"0":[9,11],"1":[1,3],"2":[1,2]},"_coverageSchema":"1a1c01bbd47fc00a2c39e90264f33305004495a9","hash":"d6f81c63d4d28b3ff101c5a45f738249d964c1a0"}
,"/home/sergey/projects/yp/mf.messenger.praktikum.yandex/src/lib/route.ts": {"path":"/home/sergey/projects/yp/mf.messenger.praktikum.yandex/src/lib/route.ts","statementMap":{"0":{"start":{"line":13,"column":4},"end":{"line":13,"column":82}},"1":{"start":{"line":14,"column":4},"end":{"line":14,"column":21}},"2":{"start":{"line":15,"column":4},"end":{"line":15,"column":21}},"3":{"start":{"line":16,"column":4},"end":{"line":16,"column":67}},"4":{"start":{"line":20,"column":4},"end":{"line":22,"column":5}},"5":{"start":{"line":21,"column":6},"end":{"line":21,"column":20}},"6":{"start":{"line":26,"column":4},"end":{"line":28,"column":5}},"7":{"start":{"line":27,"column":6},"end":{"line":27,"column":26}},"8":{"start":{"line":32,"column":21},"end":{"line":32,"column":61}},"9":{"start":{"line":33,"column":4},"end":{"line":33,"column":38}},"10":{"start":{"line":37,"column":4},"end":{"line":39,"column":5}},"11":{"start":{"line":38,"column":6},"end":{"line":38,"column":42}},"12":{"start":{"line":40,"column":4},"end":{"line":40,"column":24}},"13":{"start":{"line":44,"column":4},"end":{"line":44,"column":25}}},"fnMap":{"0":{"name":"(anonymous_0)","decl":{"start":{"line":12,"column":2},"end":{"line":12,"column":3}},"loc":{"start":{"line":12,"column":84},"end":{"line":17,"column":3}},"line":12},"1":{"name":"(anonymous_1)","decl":{"start":{"line":19,"column":2},"end":{"line":19,"column":3}},"loc":{"start":{"line":19,"column":35},"end":{"line":23,"column":3}},"line":19},"2":{"name":"(anonymous_2)","decl":{"start":{"line":25,"column":2},"end":{"line":25,"column":3}},"loc":{"start":{"line":25,"column":16},"end":{"line":29,"column":3}},"line":25},"3":{"name":"(anonymous_3)","decl":{"start":{"line":31,"column":2},"end":{"line":31,"column":3}},"loc":{"start":{"line":31,"column":28},"end":{"line":34,"column":3}},"line":31},"4":{"name":"(anonymous_4)","decl":{"start":{"line":36,"column":2},"end":{"line":36,"column":3}},"loc":{"start":{"line":36,"column":17},"end":{"line":41,"column":3}},"line":36},"5":{"name":"(anonymous_5)","decl":{"start":{"line":43,"column":2},"end":{"line":43,"column":3}},"loc":{"start":{"line":43,"column":17},"end":{"line":45,"column":3}},"line":43}},"branchMap":{"0":{"loc":{"start":{"line":13,"column":20},"end":{"line":13,"column":81}},"type":"cond-expr","locations":[{"start":{"line":13,"column":49},"end":{"line":13,"column":70}},{"start":{"line":13,"column":73},"end":{"line":13,"column":81}}],"line":13},"1":{"loc":{"start":{"line":20,"column":4},"end":{"line":22,"column":5}},"type":"if","locations":[{"start":{"line":20,"column":4},"end":{"line":22,"column":5}},{"start":{"line":20,"column":4},"end":{"line":22,"column":5}}],"line":20},"2":{"loc":{"start":{"line":26,"column":4},"end":{"line":28,"column":5}},"type":"if","locations":[{"start":{"line":26,"column":4},"end":{"line":28,"column":5}},{"start":{"line":26,"column":4},"end":{"line":28,"column":5}}],"line":26},"3":{"loc":{"start":{"line":32,"column":21},"end":{"line":32,"column":61}},"type":"cond-expr","locations":[{"start":{"line":32,"column":43},"end":{"line":32,"column":57}},{"start":{"line":32,"column":60},"end":{"line":32,"column":61}}],"line":32},"4":{"loc":{"start":{"line":37,"column":4},"end":{"line":39,"column":5}},"type":"if","locations":[{"start":{"line":37,"column":4},"end":{"line":39,"column":5}},{"start":{"line":37,"column":4},"end":{"line":39,"column":5}}],"line":37}},"s":{"0":24,"1":24,"2":24,"3":24,"4":3,"5":3,"6":6,"7":6,"8":95,"9":95,"10":14,"11":6,"12":14,"13":2},"f":{"0":24,"1":3,"2":6,"3":95,"4":14,"5":2},"b":{"0":[23,1],"1":[3,0],"2":[6,0],"3":[3,92],"4":[6,8]},"_coverageSchema":"1a1c01bbd47fc00a2c39e90264f33305004495a9","hash":"4199d95c3ffd48cae419986b331c88e3018fa254"}
,"/home/sergey/projects/yp/mf.messenger.praktikum.yandex/src/lib/router.ts": {"path":"/home/sergey/projects/yp/mf.messenger.praktikum.yandex/src/lib/router.ts","statementMap":{"0":{"start":{"line":8,"column":27},"end":{"line":8,"column":29}},"1":{"start":{"line":10,"column":31},"end":{"line":10,"column":45}},"2":{"start":{"line":21,"column":4},"end":{"line":23,"column":5}},"3":{"start":{"line":22,"column":6},"end":{"line":22,"column":29}},"4":{"start":{"line":24,"column":4},"end":{"line":24,"column":27}},"5":{"start":{"line":25,"column":4},"end":{"line":25,"column":21}},"6":{"start":{"line":26,"column":4},"end":{"line":26,"column":21}},"7":{"start":{"line":27,"column":4},"end":{"line":27,"column":29}},"8":{"start":{"line":31,"column":18},"end":{"line":31,"column":54}},"9":{"start":{"line":32,"column":4},"end":{"line":32,"column":28}},"10":{"start":{"line":33,"column":4},"end":{"line":33,"column":16}},"11":{"start":{"line":37,"column":4},"end":{"line":39,"column":6}},"12":{"start":{"line":38,"column":6},"end":{"line":38,"column":85}},"13":{"start":{"line":38,"column":48},"end":{"line":38,"column":83}},"14":{"start":{"line":41,"column":4},"end":{"line":41,"column":85}},"15":{"start":{"line":41,"column":46},"end":{"line":41,"column":83}},"16":{"start":{"line":45,"column":18},"end":{"line":45,"column":41}},"17":{"start":{"line":46,"column":4},"end":{"line":63,"column":5}},"18":{"start":{"line":47,"column":6},"end":{"line":50,"column":7}},"19":{"start":{"line":48,"column":8},"end":{"line":48,"column":28}},"20":{"start":{"line":49,"column":8},"end":{"line":49,"column":15}},"21":{"start":{"line":51,"column":6},"end":{"line":54,"column":7}},"22":{"start":{"line":52,"column":8},"end":{"line":52,"column":27}},"23":{"start":{"line":53,"column":8},"end":{"line":53,"column":15}},"24":{"start":{"line":56,"column":6},"end":{"line":58,"column":7}},"25":{"start":{"line":57,"column":8},"end":{"line":57,"column":34}},"26":{"start":{"line":59,"column":6},"end":{"line":59,"column":32}},"27":{"start":{"line":60,"column":6},"end":{"line":60,"column":21}},"28":{"start":{"line":61,"column":6},"end":{"line":61,"column":38}},"29":{"start":{"line":62,"column":6},"end":{"line":62,"column":13}},"30":{"start":{"line":64,"column":4},"end":{"line":67,"column":5}},"31":{"start":{"line":65,"column":6},"end":{"line":65,"column":26}},"32":{"start":{"line":66,"column":6},"end":{"line":66,"column":13}},"33":{"start":{"line":68,"column":4},"end":{"line":70,"column":5}},"34":{"start":{"line":69,"column":6},"end":{"line":69,"column":24}},"35":{"start":{"line":74,"column":4},"end":{"line":74,"column":45}},"36":{"start":{"line":75,"column":4},"end":{"line":75,"column":28}},"37":{"start":{"line":79,"column":4},"end":{"line":79,"column":24}},"38":{"start":{"line":83,"column":4},"end":{"line":83,"column":27}},"39":{"start":{"line":87,"column":21},"end":{"line":87,"column":61}},"40":{"start":{"line":88,"column":4},"end":{"line":88,"column":54}},"41":{"start":{"line":88,"column":35},"end":{"line":88,"column":52}}},"fnMap":{"0":{"name":"(anonymous_0)","decl":{"start":{"line":20,"column":2},"end":{"line":20,"column":3}},"loc":{"start":{"line":20,"column":33},"end":{"line":28,"column":3}},"line":20},"1":{"name":"(anonymous_1)","decl":{"start":{"line":30,"column":2},"end":{"line":30,"column":3}},"loc":{"start":{"line":30,"column":65},"end":{"line":34,"column":3}},"line":30},"2":{"name":"(anonymous_2)","decl":{"start":{"line":36,"column":2},"end":{"line":36,"column":3}},"loc":{"start":{"line":36,"column":16},"end":{"line":42,"column":3}},"line":36},"3":{"name":"(anonymous_3)","decl":{"start":{"line":37,"column":26},"end":{"line":37,"column":27}},"loc":{"start":{"line":37,"column":38},"end":{"line":39,"column":5}},"line":37},"4":{"name":"(anonymous_4)","decl":{"start":{"line":38,"column":42},"end":{"line":38,"column":43}},"loc":{"start":{"line":38,"column":48},"end":{"line":38,"column":83}},"line":38},"5":{"name":"(anonymous_5)","decl":{"start":{"line":41,"column":40},"end":{"line":41,"column":41}},"loc":{"start":{"line":41,"column":46},"end":{"line":41,"column":83}},"line":41},"6":{"name":"(anonymous_6)","decl":{"start":{"line":44,"column":2},"end":{"line":44,"column":3}},"loc":{"start":{"line":44,"column":44},"end":{"line":71,"column":3}},"line":44},"7":{"name":"(anonymous_7)","decl":{"start":{"line":73,"column":2},"end":{"line":73,"column":3}},"loc":{"start":{"line":73,"column":29},"end":{"line":76,"column":3}},"line":73},"8":{"name":"(anonymous_8)","decl":{"start":{"line":78,"column":2},"end":{"line":78,"column":3}},"loc":{"start":{"line":78,"column":15},"end":{"line":80,"column":3}},"line":78},"9":{"name":"(anonymous_9)","decl":{"start":{"line":82,"column":2},"end":{"line":82,"column":3}},"loc":{"start":{"line":82,"column":18},"end":{"line":84,"column":3}},"line":82},"10":{"name":"(anonymous_10)","decl":{"start":{"line":86,"column":2},"end":{"line":86,"column":3}},"loc":{"start":{"line":86,"column":41},"end":{"line":89,"column":3}},"line":86},"11":{"name":"(anonymous_11)","decl":{"start":{"line":88,"column":28},"end":{"line":88,"column":29}},"loc":{"start":{"line":88,"column":35},"end":{"line":88,"column":52}},"line":88}},"branchMap":{"0":{"loc":{"start":{"line":21,"column":4},"end":{"line":23,"column":5}},"type":"if","locations":[{"start":{"line":21,"column":4},"end":{"line":23,"column":5}},{"start":{"line":21,"column":4},"end":{"line":23,"column":5}}],"line":21},"1":{"loc":{"start":{"line":46,"column":4},"end":{"line":63,"column":5}},"type":"if","locations":[{"start":{"line":46,"column":4},"end":{"line":63,"column":5}},{"start":{"line":46,"column":4},"end":{"line":63,"column":5}}],"line":46},"2":{"loc":{"start":{"line":47,"column":6},"end":{"line":50,"column":7}},"type":"if","locations":[{"start":{"line":47,"column":6},"end":{"line":50,"column":7}},{"start":{"line":47,"column":6},"end":{"line":50,"column":7}}],"line":47},"3":{"loc":{"start":{"line":47,"column":10},"end":{"line":47,"column":103}},"type":"binary-expr","locations":[{"start":{"line":47,"column":10},"end":{"line":47,"column":42}},{"start":{"line":47,"column":46},"end":{"line":47,"column":78}},{"start":{"line":47,"column":82},"end":{"line":47,"column":103}}],"line":47},"4":{"loc":{"start":{"line":51,"column":6},"end":{"line":54,"column":7}},"type":"if","locations":[{"start":{"line":51,"column":6},"end":{"line":54,"column":7}},{"start":{"line":51,"column":6},"end":{"line":54,"column":7}}],"line":51},"5":{"loc":{"start":{"line":51,"column":10},"end":{"line":51,"column":103}},"type":"binary-expr","locations":[{"start":{"line":51,"column":10},"end":{"line":51,"column":43}},{"start":{"line":51,"column":47},"end":{"line":51,"column":78}},{"start":{"line":51,"column":82},"end":{"line":51,"column":103}}],"line":51},"6":{"loc":{"start":{"line":56,"column":6},"end":{"line":58,"column":7}},"type":"if","locations":[{"start":{"line":56,"column":6},"end":{"line":58,"column":7}},{"start":{"line":56,"column":6},"end":{"line":58,"column":7}}],"line":56},"7":{"loc":{"start":{"line":56,"column":10},"end":{"line":56,"column":58}},"type":"binary-expr","locations":[{"start":{"line":56,"column":10},"end":{"line":56,"column":27}},{"start":{"line":56,"column":31},"end":{"line":56,"column":58}}],"line":56},"8":{"loc":{"start":{"line":64,"column":4},"end":{"line":67,"column":5}},"type":"if","locations":[{"start":{"line":64,"column":4},"end":{"line":67,"column":5}},{"start":{"line":64,"column":4},"end":{"line":67,"column":5}}],"line":64},"9":{"loc":{"start":{"line":68,"column":4},"end":{"line":70,"column":5}},"type":"if","locations":[{"start":{"line":68,"column":4},"end":{"line":70,"column":5}},{"start":{"line":68,"column":4},"end":{"line":70,"column":5}}],"line":68},"10":{"loc":{"start":{"line":87,"column":21},"end":{"line":87,"column":61}},"type":"cond-expr","locations":[{"start":{"line":87,"column":43},"end":{"line":87,"column":57}},{"start":{"line":87,"column":60},"end":{"line":87,"column":61}}],"line":87}},"s":{"0":6,"1":6,"2":6,"3":5,"4":1,"5":1,"6":1,"7":1,"8":16,"9":16,"10":16,"11":6,"12":2,"13":2,"14":6,"15":6,"16":20,"17":20,"18":15,"19":2,"20":2,"21":13,"22":2,"23":2,"24":11,"25":5,"26":11,"27":11,"28":11,"29":11,"30":5,"31":1,"32":1,"33":4,"34":2,"35":12,"36":12,"37":1,"38":1,"39":20,"40":20,"41":92},"f":{"0":6,"1":16,"2":6,"3":2,"4":2,"5":6,"6":20,"7":12,"8":1,"9":1,"10":20,"11":92},"b":{"0":[5,1],"1":[15,5],"2":[2,13],"3":[15,10,2],"4":[2,11],"5":[13,5,2],"6":[5,6],"7":[11,10],"8":[1,4],"9":[2,2],"10":[12,8]},"_coverageSchema":"1a1c01bbd47fc00a2c39e90264f33305004495a9","hash":"dfd4e6eb64ec1b3196642479fd9f3fa6ea583610"}
,"/home/sergey/projects/yp/mf.messenger.praktikum.yandex/src/lib/store.ts": {"path":"/home/sergey/projects/yp/mf.messenger.praktikum.yandex/src/lib/store.ts","statementMap":{"0":{"start":{"line":4,"column":13},"end":{"line":13,"column":1}},"1":{"start":{"line":15,"column":19},"end":{"line":25,"column":1}},"2":{"start":{"line":28,"column":13},"end":{"line":28,"column":21}},"3":{"start":{"line":31,"column":4},"end":{"line":33,"column":5}},"4":{"start":{"line":32,"column":6},"end":{"line":32,"column":28}},"5":{"start":{"line":34,"column":4},"end":{"line":34,"column":26}},"6":{"start":{"line":37,"column":12},"end":{"line":54,"column":3}},"7":{"start":{"line":39,"column":6},"end":{"line":39,"column":25}},"8":{"start":{"line":42,"column":6},"end":{"line":45,"column":7}},"9":{"start":{"line":44,"column":8},"end":{"line":44,"column":68}},"10":{"start":{"line":47,"column":6},"end":{"line":47,"column":26}},"11":{"start":{"line":48,"column":6},"end":{"line":48,"column":34}},"12":{"start":{"line":49,"column":6},"end":{"line":49,"column":18}},"13":{"start":{"line":52,"column":6},"end":{"line":52,"column":68}},"14":{"start":{"line":56,"column":10},"end":{"line":65,"column":3}},"15":{"start":{"line":70,"column":14},"end":{"line":70,"column":25}}},"fnMap":{"0":{"name":"(anonymous_0)","decl":{"start":{"line":30,"column":2},"end":{"line":30,"column":3}},"loc":{"start":{"line":30,"column":16},"end":{"line":35,"column":3}},"line":30},"1":{"name":"(anonymous_1)","decl":{"start":{"line":38,"column":4},"end":{"line":38,"column":5}},"loc":{"start":{"line":38,"column":61},"end":{"line":40,"column":5}},"line":38},"2":{"name":"(anonymous_2)","decl":{"start":{"line":41,"column":4},"end":{"line":41,"column":5}},"loc":{"start":{"line":41,"column":87},"end":{"line":50,"column":5}},"line":41},"3":{"name":"(anonymous_3)","decl":{"start":{"line":51,"column":4},"end":{"line":51,"column":5}},"loc":{"start":{"line":51,"column":74},"end":{"line":53,"column":5}},"line":51}},"branchMap":{"0":{"loc":{"start":{"line":31,"column":4},"end":{"line":33,"column":5}},"type":"if","locations":[{"start":{"line":31,"column":4},"end":{"line":33,"column":5}},{"start":{"line":31,"column":4},"end":{"line":33,"column":5}}],"line":31},"1":{"loc":{"start":{"line":42,"column":6},"end":{"line":45,"column":7}},"type":"if","locations":[{"start":{"line":42,"column":6},"end":{"line":45,"column":7}},{"start":{"line":42,"column":6},"end":{"line":45,"column":7}}],"line":42}},"s":{"0":3,"1":3,"2":3,"3":3,"4":0,"5":3,"6":3,"7":0,"8":0,"9":0,"10":0,"11":0,"12":0,"13":0,"14":3,"15":3},"f":{"0":3,"1":0,"2":0,"3":0},"b":{"0":[0,3],"1":[0,0]},"_coverageSchema":"1a1c01bbd47fc00a2c39e90264f33305004495a9","hash":"6a6ed9234ac06df5d9316562cb347809de958a5d"}
,"/home/sergey/projects/yp/mf.messenger.praktikum.yandex/src/lib/sue.ts": {"path":"/home/sergey/projects/yp/mf.messenger.praktikum.yandex/src/lib/sue.ts","statementMap":{"0":{"start":{"line":10,"column":12},"end":{"line":339,"column":1}},"1":{"start":{"line":12,"column":27},"end":{"line":27,"column":3}},"2":{"start":{"line":21,"column":17},"end":{"line":21,"column":19}},"3":{"start":{"line":24,"column":20},"end":{"line":24,"column":22}},"4":{"start":{"line":25,"column":20},"end":{"line":25,"column":22}},"5":{"start":{"line":26,"column":22},"end":{"line":26,"column":24}},"6":{"start":{"line":29,"column":22},"end":{"line":29,"column":44}},"7":{"start":{"line":31,"column":29},"end":{"line":336,"column":3}},"8":{"start":{"line":32,"column":15},"end":{"line":32,"column":23}},"9":{"start":{"line":34,"column":12},"end":{"line":34,"column":17}},"10":{"start":{"line":36,"column":11},"end":{"line":36,"column":13}},"11":{"start":{"line":38,"column":46},"end":{"line":38,"column":48}},"12":{"start":{"line":41,"column":40},"end":{"line":41,"column":42}},"13":{"start":{"line":43,"column":26},"end":{"line":43,"column":31}},"14":{"start":{"line":45,"column":26},"end":{"line":45,"column":31}},"15":{"start":{"line":47,"column":23},"end":{"line":47,"column":28}},"16":{"start":{"line":49,"column":28},"end":{"line":49,"column":33}},"17":{"start":{"line":51,"column":18},"end":{"line":51,"column":37}},"18":{"start":{"line":53,"column":11},"end":{"line":53,"column":20}},"19":{"start":{"line":55,"column":17},"end":{"line":55,"column":24}},"20":{"start":{"line":58,"column":6},"end":{"line":58,"column":14}},"21":{"start":{"line":59,"column":6},"end":{"line":59,"column":29}},"22":{"start":{"line":62,"column":22},"end":{"line":92,"column":5}},"23":{"start":{"line":63,"column":6},"end":{"line":63,"column":23}},"24":{"start":{"line":64,"column":6},"end":{"line":64,"column":28}},"25":{"start":{"line":65,"column":6},"end":{"line":65,"column":62}},"26":{"start":{"line":66,"column":6},"end":{"line":66,"column":71}},"27":{"start":{"line":66,"column":22},"end":{"line":66,"column":71}},"28":{"start":{"line":67,"column":6},"end":{"line":67,"column":100}},"29":{"start":{"line":67,"column":33},"end":{"line":67,"column":100}},"30":{"start":{"line":69,"column":6},"end":{"line":69,"column":51}},"31":{"start":{"line":69,"column":24},"end":{"line":69,"column":44}},"32":{"start":{"line":71,"column":6},"end":{"line":71,"column":50}},"33":{"start":{"line":72,"column":6},"end":{"line":72,"column":85}},"34":{"start":{"line":72,"column":50},"end":{"line":72,"column":83}},"35":{"start":{"line":75,"column":6},"end":{"line":79,"column":9}},"36":{"start":{"line":76,"column":8},"end":{"line":78,"column":9}},"37":{"start":{"line":77,"column":10},"end":{"line":77,"column":59}},"38":{"start":{"line":81,"column":6},"end":{"line":81,"column":68}},"39":{"start":{"line":81,"column":62},"end":{"line":81,"column":67}},"40":{"start":{"line":83,"column":6},"end":{"line":85,"column":9}},"41":{"start":{"line":84,"column":8},"end":{"line":84,"column":62}},"42":{"start":{"line":87,"column":6},"end":{"line":87,"column":46}},"43":{"start":{"line":89,"column":6},"end":{"line":89,"column":55}},"44":{"start":{"line":90,"column":6},"end":{"line":90,"column":55}},"45":{"start":{"line":91,"column":6},"end":{"line":91,"column":26}},"46":{"start":{"line":95,"column":24},"end":{"line":100,"column":5}},"47":{"start":{"line":96,"column":32},"end":{"line":96,"column":36}},"48":{"start":{"line":97,"column":6},"end":{"line":99,"column":7}},"49":{"start":{"line":98,"column":8},"end":{"line":98,"column":36}},"50":{"start":{"line":106,"column":23},"end":{"line":122,"column":5}},"51":{"start":{"line":107,"column":6},"end":{"line":107,"column":36}},"52":{"start":{"line":107,"column":29},"end":{"line":107,"column":36}},"53":{"start":{"line":108,"column":6},"end":{"line":121,"column":7}},"54":{"start":{"line":109,"column":8},"end":{"line":109,"column":30}},"55":{"start":{"line":110,"column":23},"end":{"line":110,"column":40}},"56":{"start":{"line":112,"column":8},"end":{"line":112,"column":22}},"57":{"start":{"line":114,"column":21},"end":{"line":114,"column":38}},"58":{"start":{"line":115,"column":8},"end":{"line":115,"column":31}},"59":{"start":{"line":116,"column":27},"end":{"line":116,"column":51}},"60":{"start":{"line":118,"column":8},"end":{"line":118,"column":98}},"61":{"start":{"line":118,"column":30},"end":{"line":118,"column":98}},"62":{"start":{"line":120,"column":8},"end":{"line":120,"column":43}},"63":{"start":{"line":126,"column":30},"end":{"line":135,"column":5}},"64":{"start":{"line":127,"column":6},"end":{"line":134,"column":7}},"65":{"start":{"line":129,"column":8},"end":{"line":129,"column":71}},"66":{"start":{"line":130,"column":8},"end":{"line":132,"column":9}},"67":{"start":{"line":131,"column":10},"end":{"line":131,"column":37}},"68":{"start":{"line":133,"column":8},"end":{"line":133,"column":22}},"69":{"start":{"line":137,"column":26},"end":{"line":150,"column":6}},"70":{"start":{"line":137,"column":61},"end":{"line":150,"column":6}},"71":{"start":{"line":139,"column":8},"end":{"line":139,"column":28}},"72":{"start":{"line":143,"column":8},"end":{"line":143,"column":29}},"73":{"start":{"line":144,"column":8},"end":{"line":144,"column":41}},"74":{"start":{"line":145,"column":8},"end":{"line":145,"column":20}},"75":{"start":{"line":148,"column":8},"end":{"line":148,"column":71}},"76":{"start":{"line":153,"column":20},"end":{"line":188,"column":5}},"77":{"start":{"line":154,"column":6},"end":{"line":156,"column":7}},"78":{"start":{"line":155,"column":8},"end":{"line":155,"column":66}},"79":{"start":{"line":157,"column":16},"end":{"line":179,"column":9}},"80":{"start":{"line":159,"column":26},"end":{"line":159,"column":62}},"81":{"start":{"line":160,"column":8},"end":{"line":162,"column":9}},"82":{"start":{"line":161,"column":10},"end":{"line":161,"column":30}},"83":{"start":{"line":164,"column":25},"end":{"line":164,"column":59}},"84":{"start":{"line":165,"column":8},"end":{"line":172,"column":9}},"85":{"start":{"line":166,"column":38},"end":{"line":166,"column":46}},"86":{"start":{"line":167,"column":24},"end":{"line":167,"column":46}},"87":{"start":{"line":168,"column":10},"end":{"line":170,"column":11}},"88":{"start":{"line":169,"column":12},"end":{"line":169,"column":61}},"89":{"start":{"line":171,"column":10},"end":{"line":171,"column":55}},"90":{"start":{"line":174,"column":8},"end":{"line":176,"column":9}},"91":{"start":{"line":175,"column":10},"end":{"line":175,"column":55}},"92":{"start":{"line":178,"column":8},"end":{"line":178,"column":28}},"93":{"start":{"line":181,"column":6},"end":{"line":183,"column":7}},"94":{"start":{"line":182,"column":8},"end":{"line":182,"column":20}},"95":{"start":{"line":184,"column":6},"end":{"line":186,"column":7}},"96":{"start":{"line":185,"column":8},"end":{"line":185,"column":20}},"97":{"start":{"line":187,"column":6},"end":{"line":187,"column":50}},"98":{"start":{"line":191,"column":20},"end":{"line":191,"column":49}},"99":{"start":{"line":192,"column":6},"end":{"line":192,"column":50}},"100":{"start":{"line":198,"column":23},"end":{"line":282,"column":5}},"101":{"start":{"line":199,"column":6},"end":{"line":199,"column":56}},"102":{"start":{"line":199,"column":49},"end":{"line":199,"column":56}},"103":{"start":{"line":200,"column":22},"end":{"line":200,"column":36}},"104":{"start":{"line":201,"column":29},"end":{"line":201,"column":36}},"105":{"start":{"line":205,"column":6},"end":{"line":243,"column":7}},"106":{"start":{"line":206,"column":30},"end":{"line":206,"column":65}},"107":{"start":{"line":208,"column":20},"end":{"line":208,"column":69}},"108":{"start":{"line":209,"column":8},"end":{"line":211,"column":9}},"109":{"start":{"line":210,"column":10},"end":{"line":210,"column":87}},"110":{"start":{"line":212,"column":30},"end":{"line":212,"column":33}},"111":{"start":{"line":213,"column":21},"end":{"line":213,"column":56}},"112":{"start":{"line":214,"column":8},"end":{"line":216,"column":9}},"113":{"start":{"line":215,"column":10},"end":{"line":215,"column":69}},"114":{"start":{"line":217,"column":8},"end":{"line":219,"column":9}},"115":{"start":{"line":218,"column":10},"end":{"line":218,"column":58}},"116":{"start":{"line":220,"column":27},"end":{"line":220,"column":51}},"117":{"start":{"line":221,"column":23},"end":{"line":221,"column":79}},"118":{"start":{"line":222,"column":8},"end":{"line":230,"column":9}},"119":{"start":{"line":223,"column":10},"end":{"line":223,"column":77}},"120":{"start":{"line":224,"column":10},"end":{"line":224,"column":35}},"121":{"start":{"line":225,"column":24},"end":{"line":225,"column":60}},"122":{"start":{"line":226,"column":10},"end":{"line":226,"column":41}},"123":{"start":{"line":227,"column":10},"end":{"line":227,"column":41}},"124":{"start":{"line":228,"column":10},"end":{"line":228,"column":46}},"125":{"start":{"line":229,"column":10},"end":{"line":229,"column":46}},"126":{"start":{"line":232,"column":8},"end":{"line":242,"column":9}},"127":{"start":{"line":233,"column":24},"end":{"line":233,"column":49}},"128":{"start":{"line":234,"column":10},"end":{"line":234,"column":33}},"129":{"start":{"line":235,"column":26},"end":{"line":235,"column":66}},"130":{"start":{"line":236,"column":10},"end":{"line":241,"column":11}},"131":{"start":{"line":236,"column":27},"end":{"line":236,"column":28}},"132":{"start":{"line":237,"column":27},"end":{"line":237,"column":63}},"133":{"start":{"line":238,"column":12},"end":{"line":238,"column":67}},"134":{"start":{"line":239,"column":12},"end":{"line":239,"column":95}},"135":{"start":{"line":240,"column":12},"end":{"line":240,"column":40}},"136":{"start":{"line":244,"column":6},"end":{"line":279,"column":9}},"137":{"start":{"line":245,"column":26},"end":{"line":245,"column":32}},"138":{"start":{"line":246,"column":8},"end":{"line":264,"column":9}},"139":{"start":{"line":247,"column":25},"end":{"line":247,"column":74}},"140":{"start":{"line":248,"column":25},"end":{"line":248,"column":47}},"141":{"start":{"line":249,"column":22},"end":{"line":249,"column":38}},"142":{"start":{"line":250,"column":10},"end":{"line":263,"column":11}},"143":{"start":{"line":252,"column":14},"end":{"line":252,"column":73}},"144":{"start":{"line":252,"column":47},"end":{"line":252,"column":73}},"145":{"start":{"line":253,"column":14},"end":{"line":253,"column":20}},"146":{"start":{"line":255,"column":14},"end":{"line":257,"column":15}},"147":{"start":{"line":256,"column":16},"end":{"line":256,"column":74}},"148":{"start":{"line":258,"column":14},"end":{"line":258,"column":20}},"149":{"start":{"line":260,"column":14},"end":{"line":262,"column":15}},"150":{"start":{"line":261,"column":16},"end":{"line":261,"column":50}},"151":{"start":{"line":265,"column":8},"end":{"line":278,"column":9}},"152":{"start":{"line":266,"column":31},"end":{"line":266,"column":60}},"153":{"start":{"line":268,"column":10},"end":{"line":277,"column":11}},"154":{"start":{"line":269,"column":12},"end":{"line":271,"column":13}},"155":{"start":{"line":270,"column":14},"end":{"line":270,"column":80}},"156":{"start":{"line":272,"column":27},"end":{"line":272,"column":76}},"157":{"start":{"line":273,"column":12},"end":{"line":275,"column":13}},"158":{"start":{"line":274,"column":14},"end":{"line":274,"column":72}},"159":{"start":{"line":276,"column":12},"end":{"line":276,"column":70}},"160":{"start":{"line":276,"column":53},"end":{"line":276,"column":69}},"161":{"start":{"line":281,"column":6},"end":{"line":281,"column":92}},"162":{"start":{"line":281,"column":56},"end":{"line":281,"column":90}},"163":{"start":{"line":285,"column":30},"end":{"line":285,"column":66}},"164":{"start":{"line":286,"column":16},"end":{"line":286,"column":18}},"165":{"start":{"line":288,"column":22},"end":{"line":288,"column":75}},"166":{"start":{"line":289,"column":19},"end":{"line":289,"column":37}},"167":{"start":{"line":290,"column":6},"end":{"line":296,"column":7}},"168":{"start":{"line":292,"column":8},"end":{"line":292,"column":47}},"169":{"start":{"line":293,"column":8},"end":{"line":293,"column":90}},"170":{"start":{"line":293,"column":59},"end":{"line":293,"column":67}},"171":{"start":{"line":293,"column":80},"end":{"line":293,"column":88}},"172":{"start":{"line":294,"column":8},"end":{"line":294,"column":35}},"173":{"start":{"line":295,"column":8},"end":{"line":295,"column":22}},"174":{"start":{"line":298,"column":26},"end":{"line":298,"column":68}},"175":{"start":{"line":299,"column":23},"end":{"line":299,"column":45}},"176":{"start":{"line":300,"column":6},"end":{"line":305,"column":7}},"177":{"start":{"line":301,"column":8},"end":{"line":301,"column":33}},"178":{"start":{"line":302,"column":8},"end":{"line":302,"column":45}},"179":{"start":{"line":303,"column":8},"end":{"line":303,"column":33}},"180":{"start":{"line":304,"column":8},"end":{"line":304,"column":22}},"181":{"start":{"line":307,"column":26},"end":{"line":307,"column":82}},"182":{"start":{"line":308,"column":23},"end":{"line":308,"column":45}},"183":{"start":{"line":309,"column":6},"end":{"line":314,"column":7}},"184":{"start":{"line":310,"column":8},"end":{"line":310,"column":33}},"185":{"start":{"line":311,"column":8},"end":{"line":311,"column":45}},"186":{"start":{"line":312,"column":8},"end":{"line":312,"column":35}},"187":{"start":{"line":313,"column":8},"end":{"line":313,"column":22}},"188":{"start":{"line":315,"column":6},"end":{"line":315,"column":52}},"189":{"start":{"line":319,"column":6},"end":{"line":319,"column":37}},"190":{"start":{"line":320,"column":6},"end":{"line":320,"column":28}},"191":{"start":{"line":321,"column":6},"end":{"line":321,"column":26}},"192":{"start":{"line":324,"column":11},"end":{"line":329,"column":5}},"193":{"start":{"line":325,"column":6},"end":{"line":325,"column":39}},"194":{"start":{"line":326,"column":6},"end":{"line":326,"column":44}},"195":{"start":{"line":327,"column":6},"end":{"line":327,"column":25}},"196":{"start":{"line":328,"column":6},"end":{"line":328,"column":39}},"197":{"start":{"line":331,"column":11},"end":{"line":335,"column":5}},"198":{"start":{"line":332,"column":6},"end":{"line":332,"column":38}},"199":{"start":{"line":333,"column":6},"end":{"line":333,"column":43}},"200":{"start":{"line":334,"column":6},"end":{"line":334,"column":26}},"201":{"start":{"line":337,"column":2},"end":{"line":337,"column":55}},"202":{"start":{"line":338,"column":2},"end":{"line":338,"column":113}}},"fnMap":{"0":{"name":"(anonymous_0)","decl":{"start":{"line":10,"column":12},"end":{"line":10,"column":13}},"loc":{"start":{"line":10,"column":71},"end":{"line":339,"column":1}},"line":10},"1":{"name":"(anonymous_1)","decl":{"start":{"line":21,"column":10},"end":{"line":21,"column":11}},"loc":{"start":{"line":21,"column":17},"end":{"line":21,"column":19}},"line":21},"2":{"name":"(anonymous_2)","decl":{"start":{"line":24,"column":13},"end":{"line":24,"column":14}},"loc":{"start":{"line":24,"column":20},"end":{"line":24,"column":22}},"line":24},"3":{"name":"(anonymous_3)","decl":{"start":{"line":25,"column":13},"end":{"line":25,"column":14}},"loc":{"start":{"line":25,"column":20},"end":{"line":25,"column":22}},"line":25},"4":{"name":"(anonymous_4)","decl":{"start":{"line":26,"column":15},"end":{"line":26,"column":16}},"loc":{"start":{"line":26,"column":22},"end":{"line":26,"column":24}},"line":26},"5":{"name":"(anonymous_5)","decl":{"start":{"line":57,"column":4},"end":{"line":57,"column":5}},"loc":{"start":{"line":57,"column":18},"end":{"line":60,"column":5}},"line":57},"6":{"name":"(anonymous_6)","decl":{"start":{"line":62,"column":22},"end":{"line":62,"column":23}},"loc":{"start":{"line":62,"column":28},"end":{"line":92,"column":5}},"line":62},"7":{"name":"(anonymous_7)","decl":{"start":{"line":69,"column":18},"end":{"line":69,"column":19}},"loc":{"start":{"line":69,"column":24},"end":{"line":69,"column":44}},"line":69},"8":{"name":"(anonymous_8)","decl":{"start":{"line":72,"column":37},"end":{"line":72,"column":38}},"loc":{"start":{"line":72,"column":50},"end":{"line":72,"column":83}},"line":72},"9":{"name":"(anonymous_9)","decl":{"start":{"line":75,"column":43},"end":{"line":75,"column":44}},"loc":{"start":{"line":75,"column":52},"end":{"line":79,"column":7}},"line":75},"10":{"name":"(anonymous_10)","decl":{"start":{"line":81,"column":35},"end":{"line":81,"column":36}},"loc":{"start":{"line":81,"column":62},"end":{"line":81,"column":67}},"line":81},"11":{"name":"(anonymous_11)","decl":{"start":{"line":83,"column":45},"end":{"line":83,"column":46}},"loc":{"start":{"line":83,"column":54},"end":{"line":85,"column":7}},"line":83},"12":{"name":"(anonymous_12)","decl":{"start":{"line":95,"column":24},"end":{"line":95,"column":25}},"loc":{"start":{"line":95,"column":47},"end":{"line":100,"column":5}},"line":95},"13":{"name":"(anonymous_13)","decl":{"start":{"line":106,"column":23},"end":{"line":106,"column":24}},"loc":{"start":{"line":106,"column":29},"end":{"line":122,"column":5}},"line":106},"14":{"name":"(anonymous_14)","decl":{"start":{"line":126,"column":30},"end":{"line":126,"column":31}},"loc":{"start":{"line":126,"column":36},"end":{"line":135,"column":5}},"line":126},"15":{"name":"(anonymous_15)","decl":{"start":{"line":137,"column":26},"end":{"line":137,"column":27}},"loc":{"start":{"line":137,"column":61},"end":{"line":150,"column":6}},"line":137},"16":{"name":"(anonymous_16)","decl":{"start":{"line":138,"column":6},"end":{"line":138,"column":7}},"loc":{"start":{"line":138,"column":32},"end":{"line":140,"column":7}},"line":138},"17":{"name":"(anonymous_17)","decl":{"start":{"line":141,"column":11},"end":{"line":141,"column":12}},"loc":{"start":{"line":141,"column":44},"end":{"line":146,"column":7}},"line":141},"18":{"name":"(anonymous_18)","decl":{"start":{"line":147,"column":6},"end":{"line":147,"column":7}},"loc":{"start":{"line":147,"column":43},"end":{"line":149,"column":7}},"line":147},"19":{"name":"(anonymous_19)","decl":{"start":{"line":153,"column":20},"end":{"line":153,"column":21}},"loc":{"start":{"line":153,"column":41},"end":{"line":188,"column":5}},"line":153},"20":{"name":"(anonymous_20)","decl":{"start":{"line":157,"column":63},"end":{"line":157,"column":64}},"loc":{"start":{"line":157,"column":70},"end":{"line":179,"column":7}},"line":157},"21":{"name":"(anonymous_21)","decl":{"start":{"line":190,"column":4},"end":{"line":190,"column":5}},"loc":{"start":{"line":190,"column":35},"end":{"line":193,"column":5}},"line":190},"22":{"name":"(anonymous_22)","decl":{"start":{"line":198,"column":23},"end":{"line":198,"column":24}},"loc":{"start":{"line":198,"column":51},"end":{"line":282,"column":5}},"line":198},"23":{"name":"(anonymous_23)","decl":{"start":{"line":244,"column":37},"end":{"line":244,"column":38}},"loc":{"start":{"line":244,"column":44},"end":{"line":279,"column":7}},"line":244},"24":{"name":"(anonymous_24)","decl":{"start":{"line":276,"column":47},"end":{"line":276,"column":48}},"loc":{"start":{"line":276,"column":53},"end":{"line":276,"column":69}},"line":276},"25":{"name":"(anonymous_25)","decl":{"start":{"line":281,"column":45},"end":{"line":281,"column":46}},"loc":{"start":{"line":281,"column":56},"end":{"line":281,"column":90}},"line":281},"26":{"name":"(anonymous_26)","decl":{"start":{"line":284,"column":4},"end":{"line":284,"column":5}},"loc":{"start":{"line":284,"column":32},"end":{"line":316,"column":5}},"line":284},"27":{"name":"(anonymous_27)","decl":{"start":{"line":293,"column":52},"end":{"line":293,"column":53}},"loc":{"start":{"line":293,"column":59},"end":{"line":293,"column":67}},"line":293},"28":{"name":"(anonymous_28)","decl":{"start":{"line":293,"column":73},"end":{"line":293,"column":74}},"loc":{"start":{"line":293,"column":80},"end":{"line":293,"column":88}},"line":293},"29":{"name":"(anonymous_29)","decl":{"start":{"line":318,"column":4},"end":{"line":318,"column":5}},"loc":{"start":{"line":318,"column":24},"end":{"line":322,"column":5}},"line":318},"30":{"name":"(anonymous_30)","decl":{"start":{"line":324,"column":11},"end":{"line":324,"column":12}},"loc":{"start":{"line":324,"column":17},"end":{"line":329,"column":5}},"line":324},"31":{"name":"(anonymous_31)","decl":{"start":{"line":331,"column":11},"end":{"line":331,"column":12}},"loc":{"start":{"line":331,"column":17},"end":{"line":335,"column":5}},"line":331}},"branchMap":{"0":{"loc":{"start":{"line":66,"column":6},"end":{"line":66,"column":71}},"type":"if","locations":[{"start":{"line":66,"column":6},"end":{"line":66,"column":71}},{"start":{"line":66,"column":6},"end":{"line":66,"column":71}}],"line":66},"1":{"loc":{"start":{"line":67,"column":6},"end":{"line":67,"column":100}},"type":"if","locations":[{"start":{"line":67,"column":6},"end":{"line":67,"column":100}},{"start":{"line":67,"column":6},"end":{"line":67,"column":100}}],"line":67},"2":{"loc":{"start":{"line":76,"column":8},"end":{"line":78,"column":9}},"type":"if","locations":[{"start":{"line":76,"column":8},"end":{"line":78,"column":9}},{"start":{"line":76,"column":8},"end":{"line":78,"column":9}}],"line":76},"3":{"loc":{"start":{"line":97,"column":6},"end":{"line":99,"column":7}},"type":"if","locations":[{"start":{"line":97,"column":6},"end":{"line":99,"column":7}},{"start":{"line":97,"column":6},"end":{"line":99,"column":7}}],"line":97},"4":{"loc":{"start":{"line":107,"column":6},"end":{"line":107,"column":36}},"type":"if","locations":[{"start":{"line":107,"column":6},"end":{"line":107,"column":36}},{"start":{"line":107,"column":6},"end":{"line":107,"column":36}}],"line":107},"5":{"loc":{"start":{"line":108,"column":6},"end":{"line":121,"column":7}},"type":"if","locations":[{"start":{"line":108,"column":6},"end":{"line":121,"column":7}},{"start":{"line":108,"column":6},"end":{"line":121,"column":7}}],"line":108},"6":{"loc":{"start":{"line":118,"column":8},"end":{"line":118,"column":98}},"type":"if","locations":[{"start":{"line":118,"column":8},"end":{"line":118,"column":98}},{"start":{"line":118,"column":8},"end":{"line":118,"column":98}}],"line":118},"7":{"loc":{"start":{"line":127,"column":6},"end":{"line":134,"column":7}},"type":"if","locations":[{"start":{"line":127,"column":6},"end":{"line":134,"column":7}},{"start":{"line":127,"column":6},"end":{"line":134,"column":7}}],"line":127},"8":{"loc":{"start":{"line":127,"column":10},"end":{"line":127,"column":56}},"type":"binary-expr","locations":[{"start":{"line":127,"column":10},"end":{"line":127,"column":25}},{"start":{"line":127,"column":29},"end":{"line":127,"column":56}}],"line":127},"9":{"loc":{"start":{"line":154,"column":6},"end":{"line":156,"column":7}},"type":"if","locations":[{"start":{"line":154,"column":6},"end":{"line":156,"column":7}},{"start":{"line":154,"column":6},"end":{"line":156,"column":7}}],"line":154},"10":{"loc":{"start":{"line":160,"column":8},"end":{"line":162,"column":9}},"type":"if","locations":[{"start":{"line":160,"column":8},"end":{"line":162,"column":9}},{"start":{"line":160,"column":8},"end":{"line":162,"column":9}}],"line":160},"11":{"loc":{"start":{"line":165,"column":8},"end":{"line":172,"column":9}},"type":"if","locations":[{"start":{"line":165,"column":8},"end":{"line":172,"column":9}},{"start":{"line":165,"column":8},"end":{"line":172,"column":9}}],"line":165},"12":{"loc":{"start":{"line":168,"column":10},"end":{"line":170,"column":11}},"type":"if","locations":[{"start":{"line":168,"column":10},"end":{"line":170,"column":11}},{"start":{"line":168,"column":10},"end":{"line":170,"column":11}}],"line":168},"13":{"loc":{"start":{"line":168,"column":14},"end":{"line":168,"column":109}},"type":"binary-expr","locations":[{"start":{"line":168,"column":14},"end":{"line":168,"column":31}},{"start":{"line":168,"column":35},"end":{"line":168,"column":67}},{"start":{"line":168,"column":71},"end":{"line":168,"column":109}}],"line":168},"14":{"loc":{"start":{"line":174,"column":8},"end":{"line":176,"column":9}},"type":"if","locations":[{"start":{"line":174,"column":8},"end":{"line":176,"column":9}},{"start":{"line":174,"column":8},"end":{"line":176,"column":9}}],"line":174},"15":{"loc":{"start":{"line":181,"column":6},"end":{"line":183,"column":7}},"type":"if","locations":[{"start":{"line":181,"column":6},"end":{"line":183,"column":7}},{"start":{"line":181,"column":6},"end":{"line":183,"column":7}}],"line":181},"16":{"loc":{"start":{"line":184,"column":6},"end":{"line":186,"column":7}},"type":"if","locations":[{"start":{"line":184,"column":6},"end":{"line":186,"column":7}},{"start":{"line":184,"column":6},"end":{"line":186,"column":7}}],"line":184},"17":{"loc":{"start":{"line":187,"column":14},"end":{"line":187,"column":37}},"type":"cond-expr","locations":[{"start":{"line":187,"column":27},"end":{"line":187,"column":31}},{"start":{"line":187,"column":34},"end":{"line":187,"column":37}}],"line":187},"18":{"loc":{"start":{"line":198,"column":24},"end":{"line":198,"column":46}},"type":"default-arg","locations":[{"start":{"line":198,"column":42},"end":{"line":198,"column":46}}],"line":198},"19":{"loc":{"start":{"line":199,"column":6},"end":{"line":199,"column":56}},"type":"if","locations":[{"start":{"line":199,"column":6},"end":{"line":199,"column":56}},{"start":{"line":199,"column":6},"end":{"line":199,"column":56}}],"line":199},"20":{"loc":{"start":{"line":199,"column":10},"end":{"line":199,"column":47}},"type":"binary-expr","locations":[{"start":{"line":199,"column":10},"end":{"line":199,"column":27}},{"start":{"line":199,"column":31},"end":{"line":199,"column":47}}],"line":199},"21":{"loc":{"start":{"line":205,"column":6},"end":{"line":243,"column":7}},"type":"if","locations":[{"start":{"line":205,"column":6},"end":{"line":243,"column":7}},{"start":{"line":205,"column":6},"end":{"line":243,"column":7}}],"line":205},"22":{"loc":{"start":{"line":206,"column":30},"end":{"line":206,"column":65}},"type":"binary-expr","locations":[{"start":{"line":206,"column":30},"end":{"line":206,"column":59}},{"start":{"line":206,"column":63},"end":{"line":206,"column":65}}],"line":206},"23":{"loc":{"start":{"line":209,"column":8},"end":{"line":211,"column":9}},"type":"if","locations":[{"start":{"line":209,"column":8},"end":{"line":211,"column":9}},{"start":{"line":209,"column":8},"end":{"line":211,"column":9}}],"line":209},"24":{"loc":{"start":{"line":213,"column":21},"end":{"line":213,"column":56}},"type":"binary-expr","locations":[{"start":{"line":213,"column":21},"end":{"line":213,"column":50}},{"start":{"line":213,"column":54},"end":{"line":213,"column":56}}],"line":213},"25":{"loc":{"start":{"line":214,"column":8},"end":{"line":216,"column":9}},"type":"if","locations":[{"start":{"line":214,"column":8},"end":{"line":216,"column":9}},{"start":{"line":214,"column":8},"end":{"line":216,"column":9}}],"line":214},"26":{"loc":{"start":{"line":214,"column":12},"end":{"line":214,"column":69}},"type":"binary-expr","locations":[{"start":{"line":214,"column":12},"end":{"line":214,"column":16}},{"start":{"line":214,"column":20},"end":{"line":214,"column":35}},{"start":{"line":214,"column":39},"end":{"line":214,"column":69}}],"line":214},"27":{"loc":{"start":{"line":217,"column":8},"end":{"line":219,"column":9}},"type":"if","locations":[{"start":{"line":217,"column":8},"end":{"line":219,"column":9}},{"start":{"line":217,"column":8},"end":{"line":219,"column":9}}],"line":217},"28":{"loc":{"start":{"line":222,"column":8},"end":{"line":230,"column":9}},"type":"if","locations":[{"start":{"line":222,"column":8},"end":{"line":230,"column":9}},{"start":{"line":222,"column":8},"end":{"line":230,"column":9}}],"line":222},"29":{"loc":{"start":{"line":232,"column":8},"end":{"line":242,"column":9}},"type":"if","locations":[{"start":{"line":232,"column":8},"end":{"line":242,"column":9}},{"start":{"line":232,"column":8},"end":{"line":242,"column":9}}],"line":232},"30":{"loc":{"start":{"line":246,"column":8},"end":{"line":264,"column":9}},"type":"if","locations":[{"start":{"line":246,"column":8},"end":{"line":264,"column":9}},{"start":{"line":246,"column":8},"end":{"line":264,"column":9}}],"line":246},"31":{"loc":{"start":{"line":247,"column":36},"end":{"line":247,"column":73}},"type":"binary-expr","locations":[{"start":{"line":247,"column":36},"end":{"line":247,"column":67}},{"start":{"line":247,"column":71},"end":{"line":247,"column":73}}],"line":247},"32":{"loc":{"start":{"line":250,"column":10},"end":{"line":263,"column":11}},"type":"switch","locations":[{"start":{"line":251,"column":12},"end":{"line":253,"column":20}},{"start":{"line":254,"column":12},"end":{"line":258,"column":20}},{"start":{"line":259,"column":12},"end":{"line":262,"column":15}}],"line":250},"33":{"loc":{"start":{"line":252,"column":14},"end":{"line":252,"column":73}},"type":"if","locations":[{"start":{"line":252,"column":14},"end":{"line":252,"column":73}},{"start":{"line":252,"column":14},"end":{"line":252,"column":73}}],"line":252},"34":{"loc":{"start":{"line":255,"column":14},"end":{"line":257,"column":15}},"type":"if","locations":[{"start":{"line":255,"column":14},"end":{"line":257,"column":15}},{"start":{"line":255,"column":14},"end":{"line":257,"column":15}}],"line":255},"35":{"loc":{"start":{"line":260,"column":14},"end":{"line":262,"column":15}},"type":"if","locations":[{"start":{"line":260,"column":14},"end":{"line":262,"column":15}},{"start":{"line":260,"column":14},"end":{"line":262,"column":15}}],"line":260},"36":{"loc":{"start":{"line":265,"column":8},"end":{"line":278,"column":9}},"type":"if","locations":[{"start":{"line":265,"column":8},"end":{"line":278,"column":9}},{"start":{"line":265,"column":8},"end":{"line":278,"column":9}}],"line":265},"37":{"loc":{"start":{"line":268,"column":10},"end":{"line":277,"column":11}},"type":"if","locations":[{"start":{"line":268,"column":10},"end":{"line":277,"column":11}},{"start":{"line":268,"column":10},"end":{"line":277,"column":11}}],"line":268},"38":{"loc":{"start":{"line":269,"column":12},"end":{"line":271,"column":13}},"type":"if","locations":[{"start":{"line":269,"column":12},"end":{"line":271,"column":13}},{"start":{"line":269,"column":12},"end":{"line":271,"column":13}}],"line":269},"39":{"loc":{"start":{"line":272,"column":38},"end":{"line":272,"column":75}},"type":"binary-expr","locations":[{"start":{"line":272,"column":38},"end":{"line":272,"column":69}},{"start":{"line":272,"column":73},"end":{"line":272,"column":75}}],"line":272},"40":{"loc":{"start":{"line":273,"column":12},"end":{"line":275,"column":13}},"type":"if","locations":[{"start":{"line":273,"column":12},"end":{"line":275,"column":13}},{"start":{"line":273,"column":12},"end":{"line":275,"column":13}}],"line":273},"41":{"loc":{"start":{"line":290,"column":6},"end":{"line":296,"column":7}},"type":"if","locations":[{"start":{"line":290,"column":6},"end":{"line":296,"column":7}},{"start":{"line":290,"column":6},"end":{"line":296,"column":7}}],"line":290},"42":{"loc":{"start":{"line":300,"column":6},"end":{"line":305,"column":7}},"type":"if","locations":[{"start":{"line":300,"column":6},"end":{"line":305,"column":7}},{"start":{"line":300,"column":6},"end":{"line":305,"column":7}}],"line":300},"43":{"loc":{"start":{"line":309,"column":6},"end":{"line":314,"column":7}},"type":"if","locations":[{"start":{"line":309,"column":6},"end":{"line":314,"column":7}},{"start":{"line":309,"column":6},"end":{"line":314,"column":7}}],"line":309}},"s":{"0":3,"1":16,"2":24,"3":36,"4":18,"5":0,"6":16,"7":16,"8":36,"9":36,"10":36,"11":36,"12":36,"13":36,"14":36,"15":36,"16":36,"17":36,"18":36,"19":36,"20":36,"21":36,"22":36,"23":36,"24":36,"25":36,"26":36,"27":0,"28":36,"29":0,"30":36,"31":160,"32":36,"33":36,"34":0,"35":36,"36":0,"37":0,"38":36,"39":50,"40":36,"41":40,"42":36,"43":36,"44":36,"45":36,"46":36,"47":0,"48":0,"49":0,"50":36,"51":224,"52":14,"53":210,"54":200,"55":200,"56":200,"57":195,"58":195,"59":195,"60":195,"61":5,"62":10,"63":36,"64":160,"65":0,"66":0,"67":0,"68":0,"69":36,"70":36,"71":156,"72":1,"73":1,"74":1,"75":0,"76":36,"77":63,"78":1,"79":62,"80":51,"81":51,"82":0,"83":51,"84":51,"85":18,"86":18,"87":18,"88":0,"89":18,"90":33,"91":1,"92":32,"93":61,"94":0,"95":61,"96":0,"97":61,"98":675,"99":675,"100":36,"101":451,"102":108,"103":343,"104":343,"105":343,"106":6,"107":6,"108":6,"109":0,"110":6,"111":6,"112":6,"113":0,"114":6,"115":0,"116":6,"117":6,"118":6,"119":1,"120":1,"121":1,"122":1,"123":1,"124":1,"125":1,"126":6,"127":1,"128":1,"129":1,"130":1,"131":1,"132":3,"133":3,"134":3,"135":3,"136":343,"137":234,"138":234,"139":63,"140":62,"141":62,"142":60,"143":40,"144":5,"145":40,"146":11,"147":1,"148":11,"149":9,"150":2,"151":231,"152":9,"153":9,"154":3,"155":1,"156":2,"157":2,"158":1,"159":1,"160":1,"161":338,"162":251,"163":65,"164":65,"165":65,"166":65,"167":65,"168":13,"169":13,"170":13,"171":0,"172":13,"173":13,"174":52,"175":52,"176":52,"177":33,"178":33,"179":33,"180":33,"181":19,"182":19,"183":19,"184":18,"185":18,"186":18,"187":18,"188":1,"189":18,"190":18,"191":18,"192":36,"193":26,"194":26,"195":26,"196":26,"197":36,"198":6,"199":6,"200":6,"201":16,"202":16},"f":{"0":16,"1":24,"2":36,"3":18,"4":0,"5":36,"6":36,"7":160,"8":0,"9":0,"10":50,"11":40,"12":0,"13":224,"14":160,"15":36,"16":156,"17":1,"18":0,"19":63,"20":51,"21":675,"22":451,"23":234,"24":1,"25":251,"26":65,"27":13,"28":0,"29":18,"30":26,"31":6},"b":{"0":[0,36],"1":[0,36],"2":[0,0],"3":[0,0],"4":[14,210],"5":[200,10],"6":[5,190],"7":[0,160],"8":[160,160],"9":[1,62],"10":[0,51],"11":[18,33],"12":[0,18],"13":[18,18,18],"14":[1,32],"15":[0,61],"16":[0,61],"17":[0,61],"18":[200],"19":[108,343],"20":[451,451],"21":[6,337],"22":[6,0],"23":[0,6],"24":[6,0],"25":[0,6],"26":[6,6,6],"27":[0,6],"28":[1,5],"29":[1,5],"30":[63,171],"31":[63,0],"32":[40,11,9],"33":[5,35],"34":[1,10],"35":[2,7],"36":[9,222],"37":[3,6],"38":[1,2],"39":[2,0],"40":[1,1],"41":[13,52],"42":[33,19],"43":[18,1]},"_coverageSchema":"1a1c01bbd47fc00a2c39e90264f33305004495a9","hash":"8790ff9a01a12c40127e9f2051e533c259fb2292"}
,"/home/sergey/projects/yp/mf.messenger.praktikum.yandex/src/lib/toaster.ts": {"path":"/home/sergey/projects/yp/mf.messenger.praktikum.yandex/src/lib/toaster.ts","statementMap":{"0":{"start":{"line":4,"column":35},"end":{"line":8,"column":2}},"1":{"start":{"line":19,"column":12},"end":{"line":19,"column":16}},"2":{"start":{"line":21,"column":12},"end":{"line":21,"column":41}},"3":{"start":{"line":24,"column":4},"end":{"line":26,"column":5}},"4":{"start":{"line":25,"column":6},"end":{"line":25,"column":30}},"5":{"start":{"line":27,"column":4},"end":{"line":27,"column":28}},"6":{"start":{"line":28,"column":4},"end":{"line":28,"column":54}},"7":{"start":{"line":29,"column":4},"end":{"line":29,"column":44}},"8":{"start":{"line":33,"column":15},"end":{"line":33,"column":22}},"9":{"start":{"line":34,"column":4},"end":{"line":34,"column":76}},"10":{"start":{"line":35,"column":4},"end":{"line":37,"column":21}},"11":{"start":{"line":36,"column":6},"end":{"line":36,"column":23}},"12":{"start":{"line":41,"column":25},"end":{"line":41,"column":52}},"13":{"start":{"line":42,"column":4},"end":{"line":47,"column":5}},"14":{"start":{"line":43,"column":6},"end":{"line":43,"column":39}},"15":{"start":{"line":44,"column":6},"end":{"line":46,"column":14}},"16":{"start":{"line":45,"column":8},"end":{"line":45,"column":30}},"17":{"start":{"line":53,"column":18},"end":{"line":53,"column":20}},"18":{"start":{"line":54,"column":4},"end":{"line":80,"column":5}},"19":{"start":{"line":55,"column":6},"end":{"line":55,"column":41}},"20":{"start":{"line":57,"column":4},"end":{"line":80,"column":5}},"21":{"start":{"line":58,"column":6},"end":{"line":58,"column":50}},"22":{"start":{"line":60,"column":4},"end":{"line":80,"column":5}},"23":{"start":{"line":61,"column":6},"end":{"line":61,"column":60}},"24":{"start":{"line":63,"column":4},"end":{"line":80,"column":5}},"25":{"start":{"line":64,"column":6},"end":{"line":64,"column":30}},"26":{"start":{"line":66,"column":4},"end":{"line":80,"column":5}},"27":{"start":{"line":67,"column":6},"end":{"line":67,"column":66}},"28":{"start":{"line":69,"column":4},"end":{"line":80,"column":5}},"29":{"start":{"line":70,"column":6},"end":{"line":70,"column":33}},"30":{"start":{"line":72,"column":4},"end":{"line":80,"column":5}},"31":{"start":{"line":74,"column":6},"end":{"line":77,"column":16}},"32":{"start":{"line":79,"column":6},"end":{"line":79,"column":54}},"33":{"start":{"line":81,"column":4},"end":{"line":83,"column":5}},"34":{"start":{"line":82,"column":6},"end":{"line":82,"column":53}},"35":{"start":{"line":84,"column":4},"end":{"line":84,"column":19}},"36":{"start":{"line":88,"column":25},"end":{"line":88,"column":54}},"37":{"start":{"line":89,"column":4},"end":{"line":89,"column":31}},"38":{"start":{"line":90,"column":4},"end":{"line":90,"column":104}},"39":{"start":{"line":91,"column":4},"end":{"line":91,"column":45}},"40":{"start":{"line":92,"column":4},"end":{"line":92,"column":56}},"41":{"start":{"line":92,"column":33},"end":{"line":92,"column":55}},"42":{"start":{"line":93,"column":4},"end":{"line":93,"column":24}},"43":{"start":{"line":96,"column":16},"end":{"line":96,"column":29}}},"fnMap":{"0":{"name":"(anonymous_0)","decl":{"start":{"line":23,"column":2},"end":{"line":23,"column":3}},"loc":{"start":{"line":23,"column":16},"end":{"line":30,"column":3}},"line":23},"1":{"name":"(anonymous_1)","decl":{"start":{"line":32,"column":2},"end":{"line":32,"column":3}},"loc":{"start":{"line":32,"column":64},"end":{"line":38,"column":3}},"line":32},"2":{"name":"(anonymous_2)","decl":{"start":{"line":35,"column":15},"end":{"line":35,"column":16}},"loc":{"start":{"line":35,"column":21},"end":{"line":37,"column":5}},"line":35},"3":{"name":"(anonymous_3)","decl":{"start":{"line":40,"column":2},"end":{"line":40,"column":3}},"loc":{"start":{"line":40,"column":28},"end":{"line":48,"column":3}},"line":40},"4":{"name":"(anonymous_4)","decl":{"start":{"line":44,"column":17},"end":{"line":44,"column":18}},"loc":{"start":{"line":44,"column":23},"end":{"line":46,"column":7}},"line":44},"5":{"name":"(anonymous_5)","decl":{"start":{"line":50,"column":2},"end":{"line":50,"column":3}},"loc":{"start":{"line":50,"column":50},"end":{"line":85,"column":3}},"line":50},"6":{"name":"(anonymous_6)","decl":{"start":{"line":87,"column":2},"end":{"line":87,"column":3}},"loc":{"start":{"line":87,"column":40},"end":{"line":94,"column":3}},"line":87},"7":{"name":"(anonymous_7)","decl":{"start":{"line":92,"column":27},"end":{"line":92,"column":28}},"loc":{"start":{"line":92,"column":33},"end":{"line":92,"column":55}},"line":92}},"branchMap":{"0":{"loc":{"start":{"line":24,"column":4},"end":{"line":26,"column":5}},"type":"if","locations":[{"start":{"line":24,"column":4},"end":{"line":26,"column":5}},{"start":{"line":24,"column":4},"end":{"line":26,"column":5}}],"line":24},"1":{"loc":{"start":{"line":32,"column":25},"end":{"line":32,"column":56}},"type":"default-arg","locations":[{"start":{"line":32,"column":32},"end":{"line":32,"column":56}}],"line":32},"2":{"loc":{"start":{"line":42,"column":4},"end":{"line":47,"column":5}},"type":"if","locations":[{"start":{"line":42,"column":4},"end":{"line":47,"column":5}},{"start":{"line":42,"column":4},"end":{"line":47,"column":5}}],"line":42},"3":{"loc":{"start":{"line":50,"column":28},"end":{"line":50,"column":40}},"type":"default-arg","locations":[{"start":{"line":50,"column":36},"end":{"line":50,"column":40}}],"line":50},"4":{"loc":{"start":{"line":54,"column":4},"end":{"line":80,"column":5}},"type":"if","locations":[{"start":{"line":54,"column":4},"end":{"line":80,"column":5}},{"start":{"line":54,"column":4},"end":{"line":80,"column":5}}],"line":54},"5":{"loc":{"start":{"line":57,"column":4},"end":{"line":80,"column":5}},"type":"if","locations":[{"start":{"line":57,"column":4},"end":{"line":80,"column":5}},{"start":{"line":57,"column":4},"end":{"line":80,"column":5}}],"line":57},"6":{"loc":{"start":{"line":60,"column":4},"end":{"line":80,"column":5}},"type":"if","locations":[{"start":{"line":60,"column":4},"end":{"line":80,"column":5}},{"start":{"line":60,"column":4},"end":{"line":80,"column":5}}],"line":60},"7":{"loc":{"start":{"line":61,"column":16},"end":{"line":61,"column":59}},"type":"binary-expr","locations":[{"start":{"line":61,"column":16},"end":{"line":61,"column":50}},{"start":{"line":61,"column":54},"end":{"line":61,"column":59}}],"line":61},"8":{"loc":{"start":{"line":63,"column":4},"end":{"line":80,"column":5}},"type":"if","locations":[{"start":{"line":63,"column":4},"end":{"line":80,"column":5}},{"start":{"line":63,"column":4},"end":{"line":80,"column":5}}],"line":63},"9":{"loc":{"start":{"line":66,"column":4},"end":{"line":80,"column":5}},"type":"if","locations":[{"start":{"line":66,"column":4},"end":{"line":80,"column":5}},{"start":{"line":66,"column":4},"end":{"line":80,"column":5}}],"line":66},"10":{"loc":{"start":{"line":66,"column":8},"end":{"line":66,"column":61}},"type":"binary-expr","locations":[{"start":{"line":66,"column":8},"end":{"line":66,"column":30}},{"start":{"line":66,"column":34},"end":{"line":66,"column":61}}],"line":66},"11":{"loc":{"start":{"line":67,"column":16},"end":{"line":67,"column":65}},"type":"binary-expr","locations":[{"start":{"line":67,"column":16},"end":{"line":67,"column":48}},{"start":{"line":67,"column":52},"end":{"line":67,"column":65}}],"line":67},"12":{"loc":{"start":{"line":69,"column":4},"end":{"line":80,"column":5}},"type":"if","locations":[{"start":{"line":69,"column":4},"end":{"line":80,"column":5}},{"start":{"line":69,"column":4},"end":{"line":80,"column":5}}],"line":69},"13":{"loc":{"start":{"line":72,"column":4},"end":{"line":80,"column":5}},"type":"if","locations":[{"start":{"line":72,"column":4},"end":{"line":80,"column":5}},{"start":{"line":72,"column":4},"end":{"line":80,"column":5}}],"line":72},"14":{"loc":{"start":{"line":81,"column":4},"end":{"line":83,"column":5}},"type":"if","locations":[{"start":{"line":81,"column":4},"end":{"line":83,"column":5}},{"start":{"line":81,"column":4},"end":{"line":83,"column":5}}],"line":81}},"s":{"0":1,"1":1,"2":1,"3":1,"4":0,"5":1,"6":1,"7":1,"8":2,"9":2,"10":2,"11":2,"12":3,"13":3,"14":2,"15":2,"16":2,"17":7,"18":7,"19":1,"20":6,"21":1,"22":5,"23":1,"24":4,"25":1,"26":3,"27":1,"28":2,"29":1,"30":1,"31":1,"32":0,"33":7,"34":0,"35":7,"36":2,"37":2,"38":2,"39":2,"40":2,"41":1,"42":2,"43":1},"f":{"0":1,"1":2,"2":2,"3":3,"4":2,"5":7,"6":2,"7":1},"b":{"0":[0,1],"1":[1],"2":[2,1],"3":[0],"4":[1,6],"5":[1,5],"6":[1,4],"7":[1,0],"8":[1,3],"9":[1,2],"10":[3,2],"11":[1,0],"12":[1,1],"13":[1,0],"14":[0,7]},"_coverageSchema":"1a1c01bbd47fc00a2c39e90264f33305004495a9","hash":"71f6686b8a0d127452d1b050b904d2e671464451"}
,"/home/sergey/projects/yp/mf.messenger.praktikum.yandex/src/lib/types.d.ts": {"path":"/home/sergey/projects/yp/mf.messenger.praktikum.yandex/src/lib/types.d.ts","statementMap":{},"fnMap":{},"branchMap":{},"s":{},"f":{},"b":{}}
,"/home/sergey/projects/yp/mf.messenger.praktikum.yandex/src/lib/utils.ts": {"path":"/home/sergey/projects/yp/mf.messenger.praktikum.yandex/src/lib/utils.ts","statementMap":{"0":{"start":{"line":10,"column":2},"end":{"line":13,"column":67}},"1":{"start":{"line":17,"column":2},"end":{"line":17,"column":30}},"2":{"start":{"line":21,"column":2},"end":{"line":21,"column":48}},"3":{"start":{"line":25,"column":2},"end":{"line":25,"column":50}},"4":{"start":{"line":29,"column":37},"end":{"line":29,"column":39}},"5":{"start":{"line":31,"column":2},"end":{"line":38,"column":5}},"6":{"start":{"line":32,"column":25},"end":{"line":32,"column":30}},"7":{"start":{"line":33,"column":4},"end":{"line":37,"column":5}},"8":{"start":{"line":34,"column":6},"end":{"line":34,"column":63}},"9":{"start":{"line":36,"column":6},"end":{"line":36,"column":79}},"10":{"start":{"line":40,"column":2},"end":{"line":40,"column":16}},"11":{"start":{"line":44,"column":2},"end":{"line":46,"column":3}},"12":{"start":{"line":45,"column":4},"end":{"line":45,"column":47}},"13":{"start":{"line":48,"column":2},"end":{"line":48,"column":63}},"14":{"start":{"line":48,"column":38},"end":{"line":48,"column":51}},"15":{"start":{"line":52,"column":2},"end":{"line":54,"column":3}},"16":{"start":{"line":53,"column":4},"end":{"line":53,"column":17}},"17":{"start":{"line":55,"column":2},"end":{"line":63,"column":3}},"18":{"start":{"line":56,"column":23},"end":{"line":56,"column":31}},"19":{"start":{"line":57,"column":4},"end":{"line":59,"column":5}},"20":{"start":{"line":58,"column":6},"end":{"line":58,"column":70}},"21":{"start":{"line":60,"column":4},"end":{"line":62,"column":5}},"22":{"start":{"line":61,"column":6},"end":{"line":61,"column":19}},"23":{"start":{"line":64,"column":2},"end":{"line":64,"column":14}},"24":{"start":{"line":68,"column":2},"end":{"line":68,"column":48}},"25":{"start":{"line":68,"column":35},"end":{"line":68,"column":48}},"26":{"start":{"line":69,"column":2},"end":{"line":73,"column":3}},"27":{"start":{"line":70,"column":4},"end":{"line":70,"column":30}},"28":{"start":{"line":72,"column":4},"end":{"line":72,"column":17}},"29":{"start":{"line":74,"column":2},"end":{"line":74,"column":14}},"30":{"start":{"line":78,"column":2},"end":{"line":78,"column":49}},"31":{"start":{"line":82,"column":2},"end":{"line":82,"column":91}},"32":{"start":{"line":86,"column":2},"end":{"line":89,"column":10}},"33":{"start":{"line":86,"column":64},"end":{"line":89,"column":3}},"34":{"start":{"line":98,"column":4},"end":{"line":98,"column":57}},"35":{"start":{"line":102,"column":4},"end":{"line":117,"column":5}},"36":{"start":{"line":103,"column":6},"end":{"line":113,"column":9}},"37":{"start":{"line":104,"column":8},"end":{"line":112,"column":9}},"38":{"start":{"line":105,"column":10},"end":{"line":111,"column":11}},"39":{"start":{"line":106,"column":22},"end":{"line":106,"column":58}},"40":{"start":{"line":107,"column":12},"end":{"line":107,"column":48}},"41":{"start":{"line":108,"column":12},"end":{"line":108,"column":68}},"42":{"start":{"line":110,"column":12},"end":{"line":110,"column":58}},"43":{"start":{"line":116,"column":6},"end":{"line":116,"column":22}},"44":{"start":{"line":118,"column":4},"end":{"line":118,"column":18}},"45":{"start":{"line":121,"column":2},"end":{"line":121,"column":76}},"46":{"start":{"line":125,"column":2},"end":{"line":133,"column":4}},"47":{"start":{"line":126,"column":4},"end":{"line":126,"column":64}},"48":{"start":{"line":127,"column":18},"end":{"line":127,"column":76}},"49":{"start":{"line":128,"column":4},"end":{"line":128,"column":68}},"50":{"start":{"line":129,"column":4},"end":{"line":132,"column":12}},"51":{"start":{"line":130,"column":6},"end":{"line":130,"column":33}},"52":{"start":{"line":131,"column":6},"end":{"line":131,"column":75}},"53":{"start":{"line":135,"column":2},"end":{"line":142,"column":4}},"54":{"start":{"line":136,"column":18},"end":{"line":136,"column":76}},"55":{"start":{"line":137,"column":4},"end":{"line":137,"column":71}},"56":{"start":{"line":138,"column":4},"end":{"line":141,"column":12}},"57":{"start":{"line":139,"column":6},"end":{"line":139,"column":36}},"58":{"start":{"line":140,"column":6},"end":{"line":140,"column":78}}},"fnMap":{"0":{"name":"isPlainObject","decl":{"start":{"line":9,"column":16},"end":{"line":9,"column":29}},"loc":{"start":{"line":9,"column":68},"end":{"line":14,"column":1}},"line":9},"1":{"name":"isArray","decl":{"start":{"line":16,"column":16},"end":{"line":16,"column":23}},"loc":{"start":{"line":16,"column":53},"end":{"line":18,"column":1}},"line":16},"2":{"name":"isArrayOrObject","decl":{"start":{"line":20,"column":16},"end":{"line":20,"column":31}},"loc":{"start":{"line":20,"column":75},"end":{"line":22,"column":1}},"line":20},"3":{"name":"getKey","decl":{"start":{"line":24,"column":16},"end":{"line":24,"column":22}},"loc":{"start":{"line":24,"column":64},"end":{"line":26,"column":1}},"line":24},"4":{"name":"getParams","decl":{"start":{"line":28,"column":16},"end":{"line":28,"column":25}},"loc":{"start":{"line":28,"column":90},"end":{"line":41,"column":1}},"line":28},"5":{"name":"(anonymous_5)","decl":{"start":{"line":31,"column":31},"end":{"line":31,"column":32}},"loc":{"start":{"line":31,"column":42},"end":{"line":38,"column":3}},"line":31},"6":{"name":"queryStringify","decl":{"start":{"line":43,"column":16},"end":{"line":43,"column":30}},"loc":{"start":{"line":43,"column":58},"end":{"line":49,"column":1}},"line":43},"7":{"name":"(anonymous_7)","decl":{"start":{"line":48,"column":29},"end":{"line":48,"column":30}},"loc":{"start":{"line":48,"column":38},"end":{"line":48,"column":51}},"line":48},"8":{"name":"isEqual","decl":{"start":{"line":51,"column":16},"end":{"line":51,"column":23}},"loc":{"start":{"line":51,"column":69},"end":{"line":65,"column":1}},"line":51},"9":{"name":"isJsonString","decl":{"start":{"line":67,"column":16},"end":{"line":67,"column":28}},"loc":{"start":{"line":67,"column":52},"end":{"line":75,"column":1}},"line":67},"10":{"name":"hash8","decl":{"start":{"line":77,"column":16},"end":{"line":77,"column":21}},"loc":{"start":{"line":77,"column":32},"end":{"line":79,"column":1}},"line":77},"11":{"name":"hash16","decl":{"start":{"line":81,"column":16},"end":{"line":81,"column":22}},"loc":{"start":{"line":81,"column":33},"end":{"line":83,"column":1}},"line":81},"12":{"name":"formDataToObject","decl":{"start":{"line":85,"column":16},"end":{"line":85,"column":32}},"loc":{"start":{"line":85,"column":78},"end":{"line":90,"column":1}},"line":85},"13":{"name":"(anonymous_13)","decl":{"start":{"line":86,"column":47},"end":{"line":86,"column":48}},"loc":{"start":{"line":86,"column":64},"end":{"line":89,"column":3}},"line":86},"14":{"name":"cloneDeep","decl":{"start":{"line":96,"column":16},"end":{"line":96,"column":25}},"loc":{"start":{"line":96,"column":49},"end":{"line":122,"column":1}},"line":96},"15":{"name":"isIterable","decl":{"start":{"line":97,"column":11},"end":{"line":97,"column":21}},"loc":{"start":{"line":97,"column":46},"end":{"line":99,"column":3}},"line":97},"16":{"name":"clone","decl":{"start":{"line":101,"column":11},"end":{"line":101,"column":16}},"loc":{"start":{"line":101,"column":53},"end":{"line":119,"column":3}},"line":101},"17":{"name":"(anonymous_17)","decl":{"start":{"line":103,"column":34},"end":{"line":103,"column":35}},"loc":{"start":{"line":103,"column":43},"end":{"line":113,"column":7}},"line":103},"18":{"name":"createWindowListeners","decl":{"start":{"line":124,"column":16},"end":{"line":124,"column":37}},"loc":{"start":{"line":124,"column":46},"end":{"line":146,"column":1}},"line":124},"19":{"name":"(anonymous_19)","decl":{"start":{"line":125,"column":23},"end":{"line":125,"column":24}},"loc":{"start":{"line":125,"column":41},"end":{"line":133,"column":3}},"line":125},"20":{"name":"(anonymous_20)","decl":{"start":{"line":129,"column":15},"end":{"line":129,"column":16}},"loc":{"start":{"line":129,"column":21},"end":{"line":132,"column":5}},"line":129},"21":{"name":"(anonymous_21)","decl":{"start":{"line":135,"column":21},"end":{"line":135,"column":22}},"loc":{"start":{"line":135,"column":27},"end":{"line":142,"column":3}},"line":135},"22":{"name":"(anonymous_22)","decl":{"start":{"line":138,"column":15},"end":{"line":138,"column":16}},"loc":{"start":{"line":138,"column":21},"end":{"line":141,"column":5}},"line":138}},"branchMap":{"0":{"loc":{"start":{"line":10,"column":9},"end":{"line":13,"column":66}},"type":"binary-expr","locations":[{"start":{"line":10,"column":9},"end":{"line":10,"column":34}},{"start":{"line":11,"column":7},"end":{"line":11,"column":21}},{"start":{"line":12,"column":7},"end":{"line":12,"column":35}},{"start":{"line":13,"column":7},"end":{"line":13,"column":66}}],"line":10},"1":{"loc":{"start":{"line":21,"column":9},"end":{"line":21,"column":47}},"type":"binary-expr","locations":[{"start":{"line":21,"column":9},"end":{"line":21,"column":29}},{"start":{"line":21,"column":33},"end":{"line":21,"column":47}}],"line":21},"2":{"loc":{"start":{"line":25,"column":9},"end":{"line":25,"column":49}},"type":"cond-expr","locations":[{"start":{"line":25,"column":21},"end":{"line":25,"column":43}},{"start":{"line":25,"column":46},"end":{"line":25,"column":49}}],"line":25},"3":{"loc":{"start":{"line":33,"column":4},"end":{"line":37,"column":5}},"type":"if","locations":[{"start":{"line":33,"column":4},"end":{"line":37,"column":5}},{"start":{"line":33,"column":4},"end":{"line":37,"column":5}}],"line":33},"4":{"loc":{"start":{"line":44,"column":2},"end":{"line":46,"column":3}},"type":"if","locations":[{"start":{"line":44,"column":2},"end":{"line":46,"column":3}},{"start":{"line":44,"column":2},"end":{"line":46,"column":3}}],"line":44},"5":{"loc":{"start":{"line":52,"column":2},"end":{"line":54,"column":3}},"type":"if","locations":[{"start":{"line":52,"column":2},"end":{"line":54,"column":3}},{"start":{"line":52,"column":2},"end":{"line":54,"column":3}}],"line":52},"6":{"loc":{"start":{"line":57,"column":4},"end":{"line":59,"column":5}},"type":"if","locations":[{"start":{"line":57,"column":4},"end":{"line":59,"column":5}},{"start":{"line":57,"column":4},"end":{"line":59,"column":5}}],"line":57},"7":{"loc":{"start":{"line":57,"column":8},"end":{"line":57,"column":61}},"type":"binary-expr","locations":[{"start":{"line":57,"column":8},"end":{"line":57,"column":30}},{"start":{"line":57,"column":34},"end":{"line":57,"column":61}}],"line":57},"8":{"loc":{"start":{"line":60,"column":4},"end":{"line":62,"column":5}},"type":"if","locations":[{"start":{"line":60,"column":4},"end":{"line":62,"column":5}},{"start":{"line":60,"column":4},"end":{"line":62,"column":5}}],"line":60},"9":{"loc":{"start":{"line":68,"column":2},"end":{"line":68,"column":48}},"type":"if","locations":[{"start":{"line":68,"column":2},"end":{"line":68,"column":48}},{"start":{"line":68,"column":2},"end":{"line":68,"column":48}}],"line":68},"10":{"loc":{"start":{"line":98,"column":12},"end":{"line":98,"column":44}},"type":"binary-expr","locations":[{"start":{"line":98,"column":12},"end":{"line":98,"column":16}},{"start":{"line":98,"column":20},"end":{"line":98,"column":44}}],"line":98},"11":{"loc":{"start":{"line":102,"column":4},"end":{"line":117,"column":5}},"type":"if","locations":[{"start":{"line":102,"column":4},"end":{"line":117,"column":5}},{"start":{"line":102,"column":4},"end":{"line":117,"column":5}}],"line":102},"12":{"loc":{"start":{"line":104,"column":8},"end":{"line":112,"column":9}},"type":"if","locations":[{"start":{"line":104,"column":8},"end":{"line":112,"column":9}},{"start":{"line":104,"column":8},"end":{"line":112,"column":9}}],"line":104},"13":{"loc":{"start":{"line":105,"column":10},"end":{"line":111,"column":11}},"type":"if","locations":[{"start":{"line":105,"column":10},"end":{"line":111,"column":11}},{"start":{"line":105,"column":10},"end":{"line":111,"column":11}}],"line":105},"14":{"loc":{"start":{"line":106,"column":22},"end":{"line":106,"column":58}},"type":"cond-expr","locations":[{"start":{"line":106,"column":51},"end":{"line":106,"column":53}},{"start":{"line":106,"column":56},"end":{"line":106,"column":58}}],"line":106},"15":{"loc":{"start":{"line":121,"column":33},"end":{"line":121,"column":61}},"type":"cond-expr","locations":[{"start":{"line":121,"column":54},"end":{"line":121,"column":56}},{"start":{"line":121,"column":59},"end":{"line":121,"column":61}}],"line":121}},"s":{"0":6,"1":4,"2":4,"3":4,"4":2,"5":2,"6":4,"7":4,"8":0,"9":4,"10":2,"11":2,"12":0,"13":2,"14":4,"15":0,"16":0,"17":0,"18":0,"19":0,"20":0,"21":0,"22":0,"23":0,"24":7,"25":3,"26":4,"27":4,"28":2,"29":2,"30":50,"31":0,"32":0,"33":0,"34":0,"35":0,"36":0,"37":0,"38":0,"39":0,"40":0,"41":0,"42":0,"43":0,"44":0,"45":0,"46":0,"47":0,"48":0,"49":0,"50":0,"51":0,"52":0,"53":0,"54":0,"55":0,"56":0,"57":0,"58":0},"f":{"0":6,"1":4,"2":4,"3":4,"4":2,"5":4,"6":2,"7":4,"8":0,"9":7,"10":50,"11":0,"12":0,"13":0,"14":0,"15":0,"16":0,"17":0,"18":0,"19":0,"20":0,"21":0,"22":0},"b":{"0":[6,2,2,2],"1":[4,4],"2":[0,4],"3":[0,4],"4":[0,2],"5":[0,0],"6":[0,0],"7":[0,0],"8":[0,0],"9":[3,4],"10":[0,0],"11":[0,0],"12":[0,0],"13":[0,0],"14":[0,0],"15":[0,0]},"_coverageSchema":"1a1c01bbd47fc00a2c39e90264f33305004495a9","hash":"3734bce6ab9a0364925dca5e5a8ebc179f2a66a5"}
,"/home/sergey/projects/yp/mf.messenger.praktikum.yandex/src/lib/validate.ts": {"path":"/home/sergey/projects/yp/mf.messenger.praktikum.yandex/src/lib/validate.ts","statementMap":{"0":{"start":{"line":16,"column":27},"end":{"line":16,"column":29}},"1":{"start":{"line":21,"column":4},"end":{"line":23,"column":5}},"2":{"start":{"line":22,"column":6},"end":{"line":22,"column":31}},"3":{"start":{"line":24,"column":4},"end":{"line":24,"column":29}},"4":{"start":{"line":25,"column":4},"end":{"line":36,"column":6}},"5":{"start":{"line":40,"column":35},"end":{"line":40,"column":65}},"6":{"start":{"line":41,"column":4},"end":{"line":64,"column":7}},"7":{"start":{"line":43,"column":24},"end":{"line":43,"column":46}},"8":{"start":{"line":44,"column":6},"end":{"line":52,"column":7}},"9":{"start":{"line":45,"column":26},"end":{"line":45,"column":35}},"10":{"start":{"line":46,"column":8},"end":{"line":50,"column":9}},"11":{"start":{"line":47,"column":10},"end":{"line":47,"column":31}},"12":{"start":{"line":48,"column":10},"end":{"line":48,"column":49}},"13":{"start":{"line":49,"column":10},"end":{"line":49,"column":23}},"14":{"start":{"line":51,"column":8},"end":{"line":51,"column":20}},"15":{"start":{"line":53,"column":6},"end":{"line":55,"column":7}},"16":{"start":{"line":54,"column":8},"end":{"line":54,"column":65}},"17":{"start":{"line":57,"column":18},"end":{"line":57,"column":51}},"18":{"start":{"line":58,"column":6},"end":{"line":62,"column":7}},"19":{"start":{"line":59,"column":8},"end":{"line":59,"column":29}},"20":{"start":{"line":60,"column":8},"end":{"line":60,"column":47}},"21":{"start":{"line":61,"column":8},"end":{"line":61,"column":21}},"22":{"start":{"line":63,"column":6},"end":{"line":63,"column":18}},"23":{"start":{"line":65,"column":4},"end":{"line":65,"column":67}},"24":{"start":{"line":66,"column":4},"end":{"line":66,"column":18}}},"fnMap":{"0":{"name":"(anonymous_0)","decl":{"start":{"line":20,"column":2},"end":{"line":20,"column":3}},"loc":{"start":{"line":20,"column":16},"end":{"line":37,"column":3}},"line":20},"1":{"name":"(anonymous_1)","decl":{"start":{"line":39,"column":2},"end":{"line":39,"column":3}},"loc":{"start":{"line":39,"column":59},"end":{"line":67,"column":3}},"line":39},"2":{"name":"(anonymous_2)","decl":{"start":{"line":41,"column":29},"end":{"line":41,"column":30}},"loc":{"start":{"line":41,"column":36},"end":{"line":64,"column":5}},"line":41}},"branchMap":{"0":{"loc":{"start":{"line":21,"column":4},"end":{"line":23,"column":5}},"type":"if","locations":[{"start":{"line":21,"column":4},"end":{"line":23,"column":5}},{"start":{"line":21,"column":4},"end":{"line":23,"column":5}}],"line":21},"1":{"loc":{"start":{"line":44,"column":6},"end":{"line":52,"column":7}},"type":"if","locations":[{"start":{"line":44,"column":6},"end":{"line":52,"column":7}},{"start":{"line":44,"column":6},"end":{"line":52,"column":7}}],"line":44},"2":{"loc":{"start":{"line":46,"column":8},"end":{"line":50,"column":9}},"type":"if","locations":[{"start":{"line":46,"column":8},"end":{"line":50,"column":9}},{"start":{"line":46,"column":8},"end":{"line":50,"column":9}}],"line":46},"3":{"loc":{"start":{"line":53,"column":6},"end":{"line":55,"column":7}},"type":"if","locations":[{"start":{"line":53,"column":6},"end":{"line":55,"column":7}},{"start":{"line":53,"column":6},"end":{"line":55,"column":7}}],"line":53},"4":{"loc":{"start":{"line":58,"column":6},"end":{"line":62,"column":7}},"type":"if","locations":[{"start":{"line":58,"column":6},"end":{"line":62,"column":7}},{"start":{"line":58,"column":6},"end":{"line":62,"column":7}}],"line":58},"5":{"loc":{"start":{"line":58,"column":10},"end":{"line":58,"column":34}},"type":"binary-expr","locations":[{"start":{"line":58,"column":10},"end":{"line":58,"column":14}},{"start":{"line":58,"column":18},"end":{"line":58,"column":34}}],"line":58}},"s":{"0":0,"1":0,"2":0,"3":0,"4":0,"5":0,"6":0,"7":0,"8":0,"9":0,"10":0,"11":0,"12":0,"13":0,"14":0,"15":0,"16":0,"17":0,"18":0,"19":0,"20":0,"21":0,"22":0,"23":0,"24":0},"f":{"0":0,"1":0,"2":0},"b":{"0":[0,0],"1":[0,0],"2":[0,0],"3":[0,0],"4":[0,0],"5":[0,0]}}
}
