TN:
SF:src/controllers/auth.ts
FN:15,(anonymous_0)
FN:22,(anonymous_1)
FN:26,(anonymous_2)
FN:31,(anonymous_3)
FN:37,(anonymous_4)
FN:43,(anonymous_5)
FN:46,(anonymous_6)
FN:50,(anonymous_7)
FN:52,(anonymous_8)
FN:60,(anonymous_9)
FN:62,(anonymous_10)
FNF:11
FNH:7
FNDA:2,(anonymous_0)
FNDA:3,(anonymous_1)
FNDA:3,(anonymous_2)
FNDA:2,(anonymous_3)
FNDA:1,(anonymous_4)
FNDA:1,(anonymous_5)
FNDA:1,(anonymous_6)
FNDA:0,(anonymous_7)
FNDA:0,(anonymous_8)
FNDA:0,(anonymous_9)
FNDA:0,(anonymous_10)
DA:8,2
DA:11,2
DA:16,2
DA:17,0
DA:19,2
DA:23,3
DA:27,3
DA:28,1
DA:30,2
DA:32,2
DA:33,1
DA:35,1
DA:38,1
DA:39,1
DA:40,1
DA:41,1
DA:42,1
DA:43,1
DA:47,1
DA:51,0
DA:53,0
DA:54,0
DA:56,0
DA:61,0
DA:63,0
DA:64,0
DA:66,0
DA:71,2
LF:28
LH:19
BRDA:16,0,0,0
BRDA:16,0,1,2
BRDA:27,1,0,1
BRDA:27,1,1,2
BRDA:32,2,0,1
BRDA:32,2,1,1
BRDA:32,3,0,2
BRDA:32,3,1,1
BRDA:53,4,0,0
BRDA:53,4,1,0
BRDA:63,5,0,0
BRDA:63,5,1,0
BRF:12
BRH:7
end_of_record
TN:
SF:src/controllers/chats.ts
FN:16,(anonymous_0)
FN:23,(anonymous_1)
FN:25,(anonymous_2)
FN:33,(anonymous_3)
FN:35,(anonymous_4)
FN:43,(anonymous_5)
FN:45,(anonymous_6)
FN:49,(anonymous_7)
FN:56,(anonymous_8)
FN:61,(anonymous_9)
FN:63,(anonymous_10)
FN:71,(anonymous_11)
FN:73,(anonymous_12)
FN:81,(anonymous_13)
FN:83,(anonymous_14)
FN:93,(anonymous_15)
FN:95,(anonymous_16)
FNF:17
FNH:0
FNDA:0,(anonymous_0)
FNDA:0,(anonymous_1)
FNDA:0,(anonymous_2)
FNDA:0,(anonymous_3)
FNDA:0,(anonymous_4)
FNDA:0,(anonymous_5)
FNDA:0,(anonymous_6)
FNDA:0,(anonymous_7)
FNDA:0,(anonymous_8)
FNDA:0,(anonymous_9)
FNDA:0,(anonymous_10)
FNDA:0,(anonymous_11)
FNDA:0,(anonymous_12)
FNDA:0,(anonymous_13)
FNDA:0,(anonymous_14)
FNDA:0,(anonymous_15)
FNDA:0,(anonymous_16)
DA:9,0
DA:12,0
DA:17,0
DA:18,0
DA:20,0
DA:24,0
DA:26,0
DA:27,0
DA:29,0
DA:34,0
DA:36,0
DA:37,0
DA:39,0
DA:44,0
DA:46,0
DA:47,0
DA:48,0
DA:49,0
DA:50,0
DA:52,0
DA:54,0
DA:57,0
DA:62,0
DA:64,0
DA:65,0
DA:67,0
DA:72,0
DA:74,0
DA:75,0
DA:77,0
DA:82,0
DA:84,0
DA:85,0
DA:86,0
DA:87,0
DA:89,0
DA:94,0
DA:96,0
DA:97,0
DA:98,0
DA:100,0
DA:105,0
LF:42
LH:0
BRDA:17,0,0,0
BRDA:17,0,1,0
BRDA:26,1,0,0
BRDA:26,1,1,0
BRDA:26,2,0,0
BRDA:26,2,1,0
BRDA:36,3,0,0
BRDA:36,3,1,0
BRDA:36,4,0,0
BRDA:36,4,1,0
BRDA:46,5,0,0
BRDA:46,5,1,0
BRDA:64,6,0,0
BRDA:64,6,1,0
BRDA:74,7,0,0
BRDA:74,7,1,0
BRDA:84,8,0,0
BRDA:84,8,1,0
BRDA:96,9,0,0
BRDA:96,9,1,0
BRF:20
BRH:0
end_of_record
TN:
SF:src/controllers/user.ts
FN:13,(anonymous_0)
FN:20,(anonymous_1)
FN:22,(anonymous_2)
FN:30,(anonymous_3)
FN:32,(anonymous_4)
FN:40,(anonymous_5)
FN:42,(anonymous_6)
FN:51,(anonymous_7)
FN:53,(anonymous_8)
FNF:9
FNH:0
FNDA:0,(anonymous_0)
FNDA:0,(anonymous_1)
FNDA:0,(anonymous_2)
FNDA:0,(anonymous_3)
FNDA:0,(anonymous_4)
FNDA:0,(anonymous_5)
FNDA:0,(anonymous_6)
FNDA:0,(anonymous_7)
FNDA:0,(anonymous_8)
DA:6,0
DA:9,0
DA:14,0
DA:15,0
DA:17,0
DA:21,0
DA:23,0
DA:24,0
DA:26,0
DA:31,0
DA:33,0
DA:34,0
DA:36,0
DA:41,0
DA:43,0
DA:44,0
DA:45,0
DA:47,0
DA:52,0
DA:54,0
DA:55,0
DA:57,0
DA:62,0
LF:23
LH:0
BRDA:14,0,0,0
BRDA:14,0,1,0
BRDA:23,1,0,0
BRDA:23,1,1,0
BRDA:23,2,0,0
BRDA:23,2,1,0
BRDA:33,3,0,0
BRDA:33,3,1,0
BRDA:43,4,0,0
BRDA:43,4,1,0
BRDA:54,5,0,0
BRDA:54,5,1,0
BRF:12
BRH:0
end_of_record
TN:
SF:src/lib/const.ts
FNF:0
FNH:0
DA:1,7
DA:30,7
DA:32,7
LF:3
LH:3
BRF:0
BRH:0
end_of_record
TN:
SF:src/lib/event-bus.ts
FN:10,(anonymous_0)
FN:17,(anonymous_1)
FN:25,(anonymous_2)
FN:31,(anonymous_3)
FN:35,(anonymous_4)
FN:41,(anonymous_5)
FNF:6
FNH:6
FNDA:5,(anonymous_0)
FNDA:76,(anonymous_1)
FNDA:4,(anonymous_2)
FNDA:19,(anonymous_3)
FNDA:51,(anonymous_4)
FNDA:257,(anonymous_5)
DA:6,5
DA:11,5
DA:12,0
DA:14,5
DA:19,76
DA:20,9
DA:22,76
DA:26,4
DA:27,1
DA:30,3
DA:31,19
DA:36,51
DA:38,1
DA:39,1
DA:41,50
DA:42,257
DA:47,5
LF:17
LH:16
BRDA:11,0,0,0
BRDA:11,0,1,5
BRDA:19,1,0,9
BRDA:19,1,1,67
BRDA:26,2,0,1
BRDA:26,2,1,3
BRDA:36,3,0,1
BRDA:36,3,1,50
BRDA:42,4,0,257
BRDA:42,4,1,0
BRF:10
BRH:8
end_of_record
TN:
SF:src/lib/http-transport.ts
FN:27,(anonymous_0)
FN:32,(anonymous_1)
FN:37,(anonymous_2)
FN:42,(anonymous_3)
FN:47,(anonymous_4)
FN:52,(anonymous_5)
FN:57,(anonymous_6)
FN:63,(anonymous_7)
FN:67,(anonymous_8)
FNF:9
FNH:9
FNDA:3,(anonymous_0)
FNDA:4,(anonymous_1)
FNDA:1,(anonymous_2)
FNDA:3,(anonymous_3)
FNDA:1,(anonymous_4)
FNDA:9,(anonymous_5)
FNDA:9,(anonymous_6)
FNDA:1,(anonymous_7)
FNDA:9,(anonymous_8)
DA:15,3
DA:28,3
DA:29,3
DA:32,4
DA:37,3
DA:42,3
DA:47,3
DA:53,9
DA:55,9
DA:57,9
DA:58,9
DA:59,9
DA:60,9
DA:61,9
DA:62,9
DA:63,1
DA:64,1
DA:67,9
DA:68,9
DA:71,9
DA:72,9
DA:73,9
DA:75,9
DA:76,4
DA:77,5
DA:78,1
DA:80,4
LF:27
LH:27
BRDA:27,0,0,0
BRDA:32,1,0,1
BRDA:37,2,0,0
BRDA:42,3,0,0
BRDA:47,4,0,0
BRDA:52,5,0,9
BRDA:52,6,0,9
BRDA:55,7,0,1
BRDA:55,7,1,8
BRDA:55,8,0,9
BRDA:55,8,1,4
BRDA:62,9,0,1
BRDA:62,9,1,8
BRDA:62,10,0,9
BRDA:62,10,1,1
BRDA:75,11,0,4
BRDA:75,11,1,5
BRDA:75,12,0,9
BRDA:75,12,1,5
BRDA:77,13,0,1
BRDA:77,13,1,4
BRF:21
BRH:17
end_of_record
TN:
SF:src/lib/queue.ts
FN:14,(anonymous_0)
FN:22,(anonymous_1)
FN:37,(anonymous_2)
FN:55,(anonymous_3)
FN:59,(anonymous_4)
FN:63,(anonymous_5)
FNF:6
FNH:6
FNDA:44,(anonymous_0)
FNDA:20,(anonymous_1)
FNDA:4,(anonymous_2)
FNDA:1,(anonymous_3)
FNDA:162,(anonymous_4)
FNDA:1,(anonymous_5)
DA:15,44
DA:16,44
DA:17,44
DA:23,20
DA:24,20
DA:25,9
DA:26,9
DA:27,9
DA:29,11
DA:30,11
DA:31,11
DA:32,11
DA:34,20
DA:39,4
DA:40,3
DA:42,3
DA:43,1
DA:44,1
DA:45,1
DA:46,1
DA:49,2
DA:50,2
DA:51,2
DA:52,2
DA:56,1
DA:60,162
DA:64,1
DA:65,1
DA:66,3
DA:67,3
LF:30
LH:30
BRDA:24,0,0,9
BRDA:24,0,1,11
BRDA:39,1,0,1
BRDA:39,1,1,3
BRDA:42,2,0,1
BRDA:42,2,1,2
BRF:6
BRH:6
end_of_record
TN:
SF:src/lib/route.ts
FN:12,(anonymous_0)
FN:19,(anonymous_1)
FN:25,(anonymous_2)
FN:31,(anonymous_3)
FN:36,(anonymous_4)
FN:43,(anonymous_5)
FNF:6
FNH:6
FNDA:24,(anonymous_0)
FNDA:3,(anonymous_1)
FNDA:6,(anonymous_2)
FNDA:95,(anonymous_3)
FNDA:14,(anonymous_4)
FNDA:2,(anonymous_5)
DA:13,24
DA:14,24
DA:15,24
DA:16,24
DA:20,3
DA:21,3
DA:26,6
DA:27,6
DA:32,95
DA:33,95
DA:37,14
DA:38,6
DA:40,14
DA:44,2
LF:14
LH:14
BRDA:13,0,0,23
BRDA:13,0,1,1
BRDA:20,1,0,3
BRDA:20,1,1,0
BRDA:26,2,0,6
BRDA:26,2,1,0
BRDA:32,3,0,3
BRDA:32,3,1,92
BRDA:37,4,0,6
BRDA:37,4,1,8
BRF:10
BRH:8
end_of_record
TN:
SF:src/lib/router.ts
FN:20,(anonymous_0)
FN:30,(anonymous_1)
FN:36,(anonymous_2)
FN:37,(anonymous_3)
FN:38,(anonymous_4)
FN:41,(anonymous_5)
FN:44,(anonymous_6)
FN:73,(anonymous_7)
FN:78,(anonymous_8)
FN:82,(anonymous_9)
FN:86,(anonymous_10)
FN:88,(anonymous_11)
FNF:12
FNH:12
FNDA:6,(anonymous_0)
FNDA:16,(anonymous_1)
FNDA:6,(anonymous_2)
FNDA:2,(anonymous_3)
FNDA:2,(anonymous_4)
FNDA:6,(anonymous_5)
FNDA:20,(anonymous_6)
FNDA:12,(anonymous_7)
FNDA:1,(anonymous_8)
FNDA:1,(anonymous_9)
FNDA:20,(anonymous_10)
FNDA:92,(anonymous_11)
DA:8,6
DA:10,6
DA:21,6
DA:22,5
DA:24,1
DA:25,1
DA:26,1
DA:27,1
DA:31,16
DA:32,16
DA:33,16
DA:37,6
DA:38,2
DA:41,6
DA:45,20
DA:46,20
DA:47,15
DA:48,2
DA:49,2
DA:51,13
DA:52,2
DA:53,2
DA:56,11
DA:57,5
DA:59,11
DA:60,11
DA:61,11
DA:62,11
DA:64,5
DA:65,1
DA:66,1
DA:68,4
DA:69,2
DA:74,12
DA:75,12
DA:79,1
DA:83,1
DA:87,20
DA:88,92
LF:39
LH:39
BRDA:21,0,0,5
BRDA:21,0,1,1
BRDA:46,1,0,15
BRDA:46,1,1,5
BRDA:47,2,0,2
BRDA:47,2,1,13
BRDA:47,3,0,15
BRDA:47,3,1,10
BRDA:47,3,2,2
BRDA:51,4,0,2
BRDA:51,4,1,11
BRDA:51,5,0,13
BRDA:51,5,1,5
BRDA:51,5,2,2
BRDA:56,6,0,5
BRDA:56,6,1,6
BRDA:56,7,0,11
BRDA:56,7,1,10
BRDA:64,8,0,1
BRDA:64,8,1,4
BRDA:68,9,0,2
BRDA:68,9,1,2
BRDA:87,10,0,12
BRDA:87,10,1,8
BRF:24
BRH:24
end_of_record
TN:
SF:src/lib/store.ts
FN:30,(anonymous_0)
FN:38,(anonymous_1)
FN:41,(anonymous_2)
FN:51,(anonymous_3)
FNF:4
FNH:3
FNDA:4,(anonymous_0)
FNDA:6,(anonymous_1)
FNDA:9,(anonymous_2)
FNDA:0,(anonymous_3)
DA:4,4
DA:15,4
DA:28,4
DA:31,4
DA:32,0
DA:34,4
DA:37,4
DA:39,6
DA:42,9
DA:44,0
DA:47,9
DA:48,9
DA:49,9
DA:52,0
DA:56,4
DA:70,4
LF:16
LH:13
BRDA:31,0,0,0
BRDA:31,0,1,4
BRDA:42,1,0,0
BRDA:42,1,1,9
BRF:4
BRH:2
end_of_record
TN:
SF:src/lib/sue.ts
FN:10,(anonymous_0)
FN:21,(anonymous_1)
FN:24,(anonymous_2)
FN:25,(anonymous_3)
FN:26,(anonymous_4)
FN:57,(anonymous_5)
FN:62,(anonymous_6)
FN:69,(anonymous_7)
FN:72,(anonymous_8)
FN:75,(anonymous_9)
FN:81,(anonymous_10)
FN:83,(anonymous_11)
FN:95,(anonymous_12)
FN:106,(anonymous_13)
FN:126,(anonymous_14)
FN:137,(anonymous_15)
FN:138,(anonymous_16)
FN:141,(anonymous_17)
FN:147,(anonymous_18)
FN:153,(anonymous_19)
FN:157,(anonymous_20)
FN:190,(anonymous_21)
FN:198,(anonymous_22)
FN:245,(anonymous_23)
FN:277,(anonymous_24)
FN:282,(anonymous_25)
FN:285,(anonymous_26)
FN:294,(anonymous_27)
FN:294,(anonymous_28)
FN:319,(anonymous_29)
FN:328,(anonymous_30)
FN:335,(anonymous_31)
FNF:32
FNH:26
FNDA:16,(anonymous_0)
FNDA:24,(anonymous_1)
FNDA:36,(anonymous_2)
FNDA:18,(anonymous_3)
FNDA:0,(anonymous_4)
FNDA:36,(anonymous_5)
FNDA:36,(anonymous_6)
FNDA:160,(anonymous_7)
FNDA:0,(anonymous_8)
FNDA:0,(anonymous_9)
FNDA:50,(anonymous_10)
FNDA:40,(anonymous_11)
FNDA:0,(anonymous_12)
FNDA:224,(anonymous_13)
FNDA:160,(anonymous_14)
FNDA:36,(anonymous_15)
FNDA:156,(anonymous_16)
FNDA:1,(anonymous_17)
FNDA:0,(anonymous_18)
FNDA:63,(anonymous_19)
FNDA:51,(anonymous_20)
FNDA:675,(anonymous_21)
FNDA:451,(anonymous_22)
FNDA:234,(anonymous_23)
FNDA:1,(anonymous_24)
FNDA:251,(anonymous_25)
FNDA:65,(anonymous_26)
FNDA:13,(anonymous_27)
FNDA:0,(anonymous_28)
FNDA:18,(anonymous_29)
FNDA:26,(anonymous_30)
FNDA:6,(anonymous_31)
DA:10,3
DA:12,16
DA:21,24
DA:24,36
DA:25,18
DA:26,0
DA:29,16
DA:31,16
DA:32,36
DA:34,36
DA:36,36
DA:38,36
DA:41,36
DA:43,36
DA:45,36
DA:47,36
DA:49,36
DA:51,36
DA:53,36
DA:55,36
DA:58,36
DA:59,36
DA:62,36
DA:63,36
DA:64,36
DA:65,36
DA:66,36
DA:67,36
DA:69,160
DA:71,36
DA:72,36
DA:75,36
DA:76,0
DA:77,0
DA:81,50
DA:83,36
DA:84,40
DA:87,36
DA:89,36
DA:90,36
DA:91,36
DA:95,36
DA:96,0
DA:97,0
DA:98,0
DA:106,36
DA:107,224
DA:108,210
DA:109,200
DA:110,200
DA:112,200
DA:114,195
DA:115,195
DA:116,195
DA:118,195
DA:120,10
DA:126,36
DA:127,160
DA:129,0
DA:130,0
DA:131,0
DA:133,0
DA:137,36
DA:139,156
DA:143,1
DA:144,1
DA:145,1
DA:148,0
DA:153,36
DA:154,63
DA:155,1
DA:157,62
DA:159,51
DA:160,51
DA:161,0
DA:164,51
DA:165,51
DA:166,18
DA:167,18
DA:168,18
DA:169,0
DA:171,18
DA:174,33
DA:175,1
DA:178,32
DA:181,61
DA:182,0
DA:184,61
DA:185,0
DA:187,61
DA:191,675
DA:192,675
DA:198,36
DA:199,451
DA:200,343
DA:201,343
DA:205,343
DA:206,6
DA:208,6
DA:209,6
DA:210,0
DA:212,6
DA:213,6
DA:214,6
DA:215,0
DA:217,6
DA:218,0
DA:220,6
DA:221,6
DA:222,6
DA:223,1
DA:224,1
DA:225,1
DA:226,1
DA:227,1
DA:228,1
DA:230,1
DA:233,6
DA:234,1
DA:235,1
DA:236,1
DA:237,1
DA:238,3
DA:239,3
DA:240,3
DA:241,3
DA:245,343
DA:246,234
DA:247,234
DA:248,63
DA:249,62
DA:250,62
DA:251,60
DA:253,40
DA:254,40
DA:256,11
DA:257,1
DA:259,11
DA:261,9
DA:262,2
DA:266,231
DA:267,9
DA:269,9
DA:270,3
DA:271,1
DA:273,2
DA:274,2
DA:275,1
DA:277,1
DA:282,338
DA:286,65
DA:287,65
DA:289,65
DA:290,65
DA:291,65
DA:293,13
DA:294,13
DA:295,13
DA:296,13
DA:299,52
DA:300,52
DA:301,52
DA:302,33
DA:303,33
DA:304,33
DA:305,33
DA:308,19
DA:309,19
DA:310,19
DA:311,18
DA:312,18
DA:313,18
DA:314,18
DA:316,1
DA:320,18
DA:321,18
DA:322,18
DA:323,18
DA:325,18
DA:328,36
DA:329,26
DA:330,26
DA:331,26
DA:332,26
DA:335,36
DA:336,6
DA:337,6
DA:338,6
DA:341,16
DA:342,16
LF:190
LH:172
BRDA:66,0,0,0
BRDA:66,0,1,36
BRDA:67,1,0,0
BRDA:67,1,1,36
BRDA:76,2,0,0
BRDA:76,2,1,0
BRDA:97,3,0,0
BRDA:97,3,1,0
BRDA:107,4,0,14
BRDA:107,4,1,210
BRDA:108,5,0,200
BRDA:108,5,1,10
BRDA:118,6,0,3
BRDA:118,6,1,192
BRDA:127,7,0,0
BRDA:127,7,1,160
BRDA:127,8,0,160
BRDA:127,8,1,160
BRDA:154,9,0,1
BRDA:154,9,1,62
BRDA:160,10,0,0
BRDA:160,10,1,51
BRDA:165,11,0,18
BRDA:165,11,1,33
BRDA:168,12,0,0
BRDA:168,12,1,18
BRDA:168,13,0,18
BRDA:168,13,1,18
BRDA:168,13,2,18
BRDA:174,14,0,1
BRDA:174,14,1,32
BRDA:181,15,0,0
BRDA:181,15,1,61
BRDA:184,16,0,0
BRDA:184,16,1,61
BRDA:187,17,0,0
BRDA:187,17,1,61
BRDA:198,18,0,200
BRDA:199,19,0,108
BRDA:199,19,1,343
BRDA:199,20,0,451
BRDA:199,20,1,451
BRDA:205,21,0,6
BRDA:205,21,1,337
BRDA:206,22,0,6
BRDA:206,22,1,0
BRDA:209,23,0,0
BRDA:209,23,1,6
BRDA:213,24,0,6
BRDA:213,24,1,0
BRDA:214,25,0,0
BRDA:214,25,1,6
BRDA:214,26,0,6
BRDA:214,26,1,6
BRDA:214,26,2,6
BRDA:217,27,0,0
BRDA:217,27,1,6
BRDA:222,28,0,1
BRDA:222,28,1,5
BRDA:233,29,0,1
BRDA:233,29,1,5
BRDA:247,30,0,63
BRDA:247,30,1,171
BRDA:248,31,0,63
BRDA:248,31,1,0
BRDA:251,32,0,40
BRDA:251,32,1,11
BRDA:251,32,2,9
BRDA:253,33,0,5
BRDA:253,33,1,35
BRDA:256,34,0,1
BRDA:256,34,1,10
BRDA:261,35,0,2
BRDA:261,35,1,7
BRDA:266,36,0,9
BRDA:266,36,1,222
BRDA:269,37,0,3
BRDA:269,37,1,6
BRDA:270,38,0,1
BRDA:270,38,1,2
BRDA:273,39,0,2
BRDA:273,39,1,0
BRDA:274,40,0,1
BRDA:274,40,1,1
BRDA:291,41,0,13
BRDA:291,41,1,52
BRDA:301,42,0,33
BRDA:301,42,1,19
BRDA:310,43,0,18
BRDA:310,43,1,1
BRF:90
BRH:71
end_of_record
TN:
SF:src/lib/toaster.ts
FN:23,(anonymous_0)
FN:32,(anonymous_1)
FN:35,(anonymous_2)
FN:40,(anonymous_3)
FN:44,(anonymous_4)
FN:50,(anonymous_5)
FN:87,(anonymous_6)
FN:92,(anonymous_7)
FNF:8
FNH:8
FNDA:1,(anonymous_0)
FNDA:2,(anonymous_1)
FNDA:2,(anonymous_2)
FNDA:3,(anonymous_3)
FNDA:2,(anonymous_4)
FNDA:7,(anonymous_5)
FNDA:2,(anonymous_6)
FNDA:1,(anonymous_7)
DA:4,1
DA:19,1
DA:21,1
DA:24,1
DA:25,0
DA:27,1
DA:28,1
DA:29,1
DA:33,2
DA:34,2
DA:35,2
DA:36,2
DA:41,3
DA:42,3
DA:43,2
DA:44,2
DA:45,2
DA:53,7
DA:54,7
DA:55,1
DA:57,6
DA:58,1
DA:60,5
DA:61,1
DA:63,4
DA:64,1
DA:66,3
DA:67,1
DA:69,2
DA:70,1
DA:72,1
DA:74,1
DA:79,0
DA:81,7
DA:82,0
DA:84,7
DA:88,2
DA:89,2
DA:90,2
DA:91,2
DA:92,2
DA:93,2
DA:96,1
LF:43
LH:40
BRDA:24,0,0,0
BRDA:24,0,1,1
BRDA:32,1,0,1
BRDA:42,2,0,2
BRDA:42,2,1,1
BRDA:50,3,0,0
BRDA:54,4,0,1
BRDA:54,4,1,6
BRDA:57,5,0,1
BRDA:57,5,1,5
BRDA:60,6,0,1
BRDA:60,6,1,4
BRDA:61,7,0,1
BRDA:61,7,1,0
BRDA:63,8,0,1
BRDA:63,8,1,3
BRDA:66,9,0,1
BRDA:66,9,1,2
BRDA:66,10,0,3
BRDA:66,10,1,2
BRDA:67,11,0,1
BRDA:67,11,1,0
BRDA:69,12,0,1
BRDA:69,12,1,1
BRDA:72,13,0,1
BRDA:72,13,1,0
BRDA:81,14,0,0
BRDA:81,14,1,7
BRF:28
BRH:22
end_of_record
TN:
SF:src/lib/types.d.ts
FNF:0
FNH:0
LF:0
LH:0
BRF:0
BRH:0
end_of_record
TN:
SF:src/lib/utils.ts
FN:9,isPlainObject
FN:16,isArray
FN:20,isArrayOrObject
FN:24,getKey
FN:28,getParams
FN:31,(anonymous_5)
FN:43,queryStringify
FN:48,(anonymous_7)
FN:51,isEqual
FN:67,isJsonString
FN:77,hash8
FN:81,hash16
FN:85,formDataToObject
FN:86,(anonymous_13)
FN:96,cloneDeep
FN:97,isIterable
FN:101,clone
FN:103,(anonymous_17)
FN:124,createWindowListeners
FN:125,(anonymous_19)
FN:129,(anonymous_20)
FN:135,(anonymous_21)
FN:138,(anonymous_22)
FNF:23
FNH:10
FNDA:6,isPlainObject
FNDA:4,isArray
FNDA:4,isArrayOrObject
FNDA:4,getKey
FNDA:2,getParams
FNDA:4,(anonymous_5)
FNDA:2,queryStringify
FNDA:4,(anonymous_7)
FNDA:0,isEqual
FNDA:8,isJsonString
FNDA:50,hash8
FNDA:0,hash16
FNDA:0,formDataToObject
FNDA:0,(anonymous_13)
FNDA:0,cloneDeep
FNDA:0,isIterable
FNDA:0,clone
FNDA:0,(anonymous_17)
FNDA:0,createWindowListeners
FNDA:0,(anonymous_19)
FNDA:0,(anonymous_20)
FNDA:0,(anonymous_21)
FNDA:0,(anonymous_22)
DA:10,6
DA:17,4
DA:21,4
DA:25,4
DA:29,2
DA:31,2
DA:32,4
DA:33,4
DA:34,0
DA:36,4
DA:40,2
DA:44,2
DA:45,0
DA:48,4
DA:52,0
DA:53,0
DA:55,0
DA:56,0
DA:57,0
DA:58,0
DA:60,0
DA:61,0
DA:64,0
DA:68,8
DA:69,5
DA:70,5
DA:72,2
DA:74,3
DA:78,50
DA:82,0
DA:86,0
DA:98,0
DA:102,0
DA:103,0
DA:104,0
DA:105,0
DA:106,0
DA:107,0
DA:108,0
DA:110,0
DA:116,0
DA:118,0
DA:121,0
DA:125,0
DA:126,0
DA:127,0
DA:128,0
DA:129,0
DA:130,0
DA:131,0
DA:135,0
DA:136,0
DA:137,0
DA:138,0
DA:139,0
DA:140,0
LF:56
LH:18
BRDA:10,0,0,6
BRDA:10,0,1,2
BRDA:10,0,2,2
BRDA:10,0,3,2
BRDA:21,1,0,4
BRDA:21,1,1,4
BRDA:25,2,0,0
BRDA:25,2,1,4
BRDA:33,3,0,0
BRDA:33,3,1,4
BRDA:44,4,0,0
BRDA:44,4,1,2
BRDA:52,5,0,0
BRDA:52,5,1,0
BRDA:57,6,0,0
BRDA:57,6,1,0
BRDA:57,7,0,0
BRDA:57,7,1,0
BRDA:60,8,0,0
BRDA:60,8,1,0
BRDA:68,9,0,3
BRDA:68,9,1,5
BRDA:98,10,0,0
BRDA:98,10,1,0
BRDA:102,11,0,0
BRDA:102,11,1,0
BRDA:104,12,0,0
BRDA:104,12,1,0
BRDA:105,13,0,0
BRDA:105,13,1,0
BRDA:106,14,0,0
BRDA:106,14,1,0
BRDA:121,15,0,0
BRDA:121,15,1,0
BRF:34
BRH:11
end_of_record
TN:
SF:src/lib/validate.ts
FN:20,(anonymous_0)
FN:39,(anonymous_1)
FN:41,(anonymous_2)
FNF:3
FNH:0
FNDA:0,(anonymous_0)
FNDA:0,(anonymous_1)
FNDA:0,(anonymous_2)
DA:16,0
DA:21,0
DA:22,0
DA:24,0
DA:25,0
DA:40,0
DA:41,0
DA:43,0
DA:44,0
DA:45,0
DA:46,0
DA:47,0
DA:48,0
DA:49,0
DA:51,0
DA:53,0
DA:54,0
DA:57,0
DA:58,0
DA:59,0
DA:60,0
DA:61,0
DA:63,0
DA:65,0
DA:66,0
LF:25
LH:0
BRDA:21,0,0,0
BRDA:21,0,1,0
BRDA:44,1,0,0
BRDA:44,1,1,0
BRDA:46,2,0,0
BRDA:46,2,1,0
BRDA:53,3,0,0
BRDA:53,3,1,0
BRDA:58,4,0,0
BRDA:58,4,1,0
BRDA:58,5,0,0
BRDA:58,5,1,0
BRF:12
BRH:0
end_of_record
