TN:
SF:src/lib/const.ts
FNF:0
FNH:0
DA:1,6
DA:30,6
DA:32,6
LF:3
LH:3
BRF:0
BRH:0
end_of_record
TN:
SF:src/lib/event-bus.ts
FN:10,(anonymous_0)
FN:17,(anonymous_1)
FN:24,(anonymous_2)
FN:30,(anonymous_3)
FN:34,(anonymous_4)
FN:40,(anonymous_5)
FNF:6
FNH:6
FNDA:4,(anonymous_0)
FNDA:75,(anonymous_1)
FNDA:4,(anonymous_2)
FNDA:19,(anonymous_3)
FNDA:41,(anonymous_4)
FNDA:247,(anonymous_5)
DA:6,4
DA:11,4
DA:12,0
DA:14,4
DA:18,75
DA:19,8
DA:21,75
DA:25,4
DA:26,1
DA:29,3
DA:30,19
DA:35,41
DA:37,1
DA:38,1
DA:40,40
DA:41,247
DA:46,4
LF:17
LH:16
BRDA:11,0,0,0
BRDA:11,0,1,4
BRDA:18,1,0,8
BRDA:18,1,1,67
BRDA:25,2,0,1
BRDA:25,2,1,3
BRDA:35,3,0,1
BRDA:35,3,1,40
BRDA:41,4,0,247
BRDA:41,4,1,0
BRF:10
BRH:8
end_of_record
TN:
SF:src/lib/http-transport.ts
FN:27,(anonymous_0)
FN:32,(anonymous_1)
FN:37,(anonymous_2)
FN:42,(anonymous_3)
FN:47,(anonymous_4)
FN:52,(anonymous_5)
FN:57,(anonymous_6)
FN:63,(anonymous_7)
FN:67,(anonymous_8)
FNF:9
FNH:9
FNDA:2,(anonymous_0)
FNDA:2,(anonymous_1)
FNDA:1,(anonymous_2)
FNDA:3,(anonymous_3)
FNDA:1,(anonymous_4)
FNDA:7,(anonymous_5)
FNDA:7,(anonymous_6)
FNDA:1,(anonymous_7)
FNDA:7,(anonymous_8)
DA:15,2
DA:28,2
DA:29,2
DA:32,2
DA:37,2
DA:42,3
DA:47,2
DA:53,7
DA:55,7
DA:57,7
DA:58,7
DA:59,7
DA:60,7
DA:61,7
DA:62,7
DA:63,1
DA:64,1
DA:67,7
DA:68,7
DA:71,7
DA:72,7
DA:73,7
DA:75,7
DA:76,2
DA:77,5
DA:78,1
DA:80,4
LF:27
LH:27
BRDA:27,0,0,0
BRDA:32,1,0,1
BRDA:37,2,0,0
BRDA:42,3,0,0
BRDA:47,4,0,0
BRDA:52,5,0,7
BRDA:52,6,0,7
BRDA:55,7,0,1
BRDA:55,7,1,6
BRDA:55,8,0,7
BRDA:55,8,1,2
BRDA:62,9,0,1
BRDA:62,9,1,6
BRDA:62,10,0,7
BRDA:62,10,1,1
BRDA:75,11,0,2
BRDA:75,11,1,5
BRDA:75,12,0,7
BRDA:75,12,1,5
BRDA:77,13,0,1
BRDA:77,13,1,4
BRF:21
BRH:17
end_of_record
TN:
SF:src/lib/queue.ts
FN:14,(anonymous_0)
FN:22,(anonymous_1)
FN:37,(anonymous_2)
FN:55,(anonymous_3)
FN:59,(anonymous_4)
FN:63,(anonymous_5)
FNF:6
FNH:6
FNDA:44,(anonymous_0)
FNDA:20,(anonymous_1)
FNDA:4,(anonymous_2)
FNDA:1,(anonymous_3)
FNDA:162,(anonymous_4)
FNDA:1,(anonymous_5)
DA:15,44
DA:16,44
DA:17,44
DA:23,20
DA:24,20
DA:25,9
DA:26,9
DA:27,9
DA:29,11
DA:30,11
DA:31,11
DA:32,11
DA:34,20
DA:39,4
DA:40,3
DA:42,3
DA:43,1
DA:44,1
DA:45,1
DA:46,1
DA:49,2
DA:50,2
DA:51,2
DA:52,2
DA:56,1
DA:60,162
DA:64,1
DA:65,1
DA:66,3
DA:67,3
LF:30
LH:30
BRDA:24,0,0,9
BRDA:24,0,1,11
BRDA:39,1,0,1
BRDA:39,1,1,3
BRDA:42,2,0,1
BRDA:42,2,1,2
BRF:6
BRH:6
end_of_record
TN:
SF:src/lib/route.ts
FN:12,(anonymous_0)
FN:19,(anonymous_1)
FN:25,(anonymous_2)
FN:31,(anonymous_3)
FN:36,(anonymous_4)
FN:43,(anonymous_5)
FNF:6
FNH:6
FNDA:24,(anonymous_0)
FNDA:3,(anonymous_1)
FNDA:6,(anonymous_2)
FNDA:82,(anonymous_3)
FNDA:14,(anonymous_4)
FNDA:2,(anonymous_5)
DA:13,24
DA:14,24
DA:15,24
DA:16,24
DA:20,3
DA:21,3
DA:26,6
DA:27,6
DA:32,82
DA:33,82
DA:37,14
DA:38,6
DA:40,14
DA:44,2
LF:14
LH:14
BRDA:13,0,0,23
BRDA:13,0,1,1
BRDA:20,1,0,3
BRDA:20,1,1,0
BRDA:26,2,0,6
BRDA:26,2,1,0
BRDA:32,3,0,3
BRDA:32,3,1,79
BRDA:37,4,0,6
BRDA:37,4,1,8
BRF:10
BRH:8
end_of_record
TN:
SF:src/lib/router.ts
FN:20,(anonymous_0)
FN:30,(anonymous_1)
FN:36,(anonymous_2)
FN:37,(anonymous_3)
FN:38,(anonymous_4)
FN:41,(anonymous_5)
FN:44,(anonymous_6)
FN:74,(anonymous_7)
FN:79,(anonymous_8)
FN:83,(anonymous_9)
FN:87,(anonymous_10)
FN:89,(anonymous_11)
FNF:12
FNH:12
FNDA:6,(anonymous_0)
FNDA:16,(anonymous_1)
FNDA:6,(anonymous_2)
FNDA:2,(anonymous_3)
FNDA:2,(anonymous_4)
FNDA:6,(anonymous_5)
FNDA:19,(anonymous_6)
FNDA:11,(anonymous_7)
FNDA:1,(anonymous_8)
FNDA:1,(anonymous_9)
FNDA:19,(anonymous_10)
FNDA:79,(anonymous_11)
DA:8,6
DA:10,6
DA:21,6
DA:22,5
DA:24,1
DA:25,1
DA:26,1
DA:27,1
DA:31,16
DA:32,16
DA:33,16
DA:37,6
DA:38,2
DA:41,6
DA:45,19
DA:46,19
DA:47,15
DA:48,2
DA:49,2
DA:51,13
DA:52,2
DA:53,2
DA:56,15
DA:57,11
DA:58,5
DA:60,11
DA:61,11
DA:62,11
DA:63,11
DA:65,4
DA:66,1
DA:67,1
DA:69,3
DA:70,1
DA:75,11
DA:76,11
DA:80,1
DA:84,1
DA:88,19
DA:89,79
LF:40
LH:40
BRDA:21,0,0,5
BRDA:21,0,1,1
BRDA:46,1,0,15
BRDA:46,1,1,4
BRDA:46,2,0,19
BRDA:46,2,1,15
BRDA:47,3,0,2
BRDA:47,3,1,13
BRDA:47,4,0,15
BRDA:47,4,1,10
BRDA:51,5,0,2
BRDA:51,5,1,11
BRDA:51,6,0,13
BRDA:51,6,1,5
BRDA:56,7,0,11
BRDA:56,7,1,4
BRDA:57,8,0,5
BRDA:57,8,1,6
BRDA:57,9,0,11
BRDA:57,9,1,10
BRDA:57,9,2,5
BRDA:65,10,0,1
BRDA:65,10,1,3
BRDA:65,11,0,4
BRDA:65,11,1,1
BRDA:69,12,0,1
BRDA:69,12,1,2
BRDA:88,13,0,11
BRDA:88,13,1,8
BRF:29
BRH:29
end_of_record
TN:
SF:src/lib/store.ts
FN:30,(anonymous_0)
FN:38,(anonymous_1)
FN:41,(anonymous_2)
FN:51,(anonymous_3)
FNF:4
FNH:1
FNDA:3,(anonymous_0)
FNDA:0,(anonymous_1)
FNDA:0,(anonymous_2)
FNDA:0,(anonymous_3)
DA:4,3
DA:15,3
DA:28,3
DA:31,3
DA:32,0
DA:34,3
DA:37,3
DA:39,0
DA:42,0
DA:44,0
DA:47,0
DA:48,0
DA:49,0
DA:52,0
DA:56,3
DA:70,3
LF:16
LH:8
BRDA:31,0,0,0
BRDA:31,0,1,3
BRDA:42,1,0,0
BRDA:42,1,1,0
BRDA:44,2,0,0
BRDA:44,2,1,0
BRF:6
BRH:1
end_of_record
TN:
SF:src/lib/sue.ts
FN:10,(anonymous_0)
FN:21,(anonymous_1)
FN:24,(anonymous_2)
FN:25,(anonymous_3)
FN:26,(anonymous_4)
FN:57,(anonymous_5)
FN:62,(anonymous_6)
FN:69,(anonymous_7)
FN:72,(anonymous_8)
FN:75,(anonymous_9)
FN:81,(anonymous_10)
FN:83,(anonymous_11)
FN:95,(anonymous_12)
FN:106,(anonymous_13)
FN:126,(anonymous_14)
FN:137,(anonymous_15)
FN:138,(anonymous_16)
FN:141,(anonymous_17)
FN:147,(anonymous_18)
FN:153,(anonymous_19)
FN:157,(anonymous_20)
FN:190,(anonymous_21)
FN:198,(anonymous_22)
FN:244,(anonymous_23)
FN:276,(anonymous_24)
FN:281,(anonymous_25)
FN:284,(anonymous_26)
FN:293,(anonymous_27)
FN:293,(anonymous_28)
FN:318,(anonymous_29)
FN:324,(anonymous_30)
FN:331,(anonymous_31)
FNF:32
FNH:26
FNDA:16,(anonymous_0)
FNDA:24,(anonymous_1)
FNDA:36,(anonymous_2)
FNDA:18,(anonymous_3)
FNDA:0,(anonymous_4)
FNDA:36,(anonymous_5)
FNDA:36,(anonymous_6)
FNDA:160,(anonymous_7)
FNDA:0,(anonymous_8)
FNDA:0,(anonymous_9)
FNDA:50,(anonymous_10)
FNDA:40,(anonymous_11)
FNDA:0,(anonymous_12)
FNDA:224,(anonymous_13)
FNDA:160,(anonymous_14)
FNDA:36,(anonymous_15)
FNDA:156,(anonymous_16)
FNDA:1,(anonymous_17)
FNDA:0,(anonymous_18)
FNDA:63,(anonymous_19)
FNDA:51,(anonymous_20)
FNDA:675,(anonymous_21)
FNDA:451,(anonymous_22)
FNDA:234,(anonymous_23)
FNDA:1,(anonymous_24)
FNDA:251,(anonymous_25)
FNDA:65,(anonymous_26)
FNDA:13,(anonymous_27)
FNDA:0,(anonymous_28)
FNDA:18,(anonymous_29)
FNDA:26,(anonymous_30)
FNDA:6,(anonymous_31)
DA:10,3
DA:12,16
DA:21,24
DA:24,36
DA:25,18
DA:26,0
DA:29,16
DA:31,16
DA:32,36
DA:34,36
DA:36,36
DA:38,36
DA:41,36
DA:43,36
DA:45,36
DA:47,36
DA:49,36
DA:51,36
DA:53,36
DA:55,36
DA:58,36
DA:59,36
DA:62,36
DA:63,36
DA:64,36
DA:65,36
DA:66,36
DA:67,36
DA:69,160
DA:71,36
DA:72,36
DA:75,36
DA:76,0
DA:77,0
DA:81,50
DA:83,36
DA:84,40
DA:87,36
DA:89,36
DA:90,36
DA:91,36
DA:95,36
DA:96,0
DA:97,0
DA:98,0
DA:106,36
DA:107,224
DA:108,210
DA:109,200
DA:110,200
DA:112,200
DA:114,195
DA:115,195
DA:116,195
DA:118,195
DA:120,10
DA:126,36
DA:127,160
DA:129,0
DA:130,0
DA:131,0
DA:133,0
DA:137,36
DA:139,156
DA:143,1
DA:144,1
DA:145,1
DA:148,0
DA:153,36
DA:154,63
DA:155,1
DA:157,62
DA:159,51
DA:160,51
DA:161,0
DA:164,51
DA:165,51
DA:166,18
DA:167,18
DA:168,18
DA:169,0
DA:171,18
DA:174,33
DA:175,1
DA:178,32
DA:181,61
DA:182,0
DA:184,61
DA:185,0
DA:187,61
DA:191,675
DA:192,675
DA:198,36
DA:199,451
DA:200,343
DA:201,343
DA:205,343
DA:206,6
DA:208,6
DA:209,6
DA:210,0
DA:212,6
DA:213,6
DA:214,6
DA:215,0
DA:217,6
DA:218,0
DA:220,6
DA:221,6
DA:222,6
DA:223,1
DA:224,1
DA:225,1
DA:226,1
DA:227,1
DA:228,1
DA:229,1
DA:232,6
DA:233,1
DA:234,1
DA:235,1
DA:236,1
DA:237,3
DA:238,3
DA:239,3
DA:240,3
DA:244,343
DA:245,234
DA:246,234
DA:247,63
DA:248,62
DA:249,62
DA:250,60
DA:252,40
DA:253,40
DA:255,11
DA:256,1
DA:258,11
DA:260,9
DA:261,2
DA:265,231
DA:266,9
DA:268,9
DA:269,3
DA:270,1
DA:272,2
DA:273,2
DA:274,1
DA:276,1
DA:281,338
DA:285,65
DA:286,65
DA:288,65
DA:289,65
DA:290,65
DA:292,13
DA:293,13
DA:294,13
DA:295,13
DA:298,52
DA:299,52
DA:300,52
DA:301,33
DA:302,33
DA:303,33
DA:304,33
DA:307,19
DA:308,19
DA:309,19
DA:310,18
DA:311,18
DA:312,18
DA:313,18
DA:315,1
DA:319,18
DA:320,18
DA:321,18
DA:324,36
DA:325,26
DA:326,26
DA:327,26
DA:328,26
DA:331,36
DA:332,6
DA:333,6
DA:334,6
DA:337,16
DA:338,16
LF:188
LH:170
BRDA:66,0,0,0
BRDA:66,0,1,36
BRDA:67,1,0,0
BRDA:67,1,1,36
BRDA:76,2,0,0
BRDA:76,2,1,0
BRDA:97,3,0,0
BRDA:97,3,1,0
BRDA:107,4,0,14
BRDA:107,4,1,210
BRDA:108,5,0,200
BRDA:108,5,1,10
BRDA:118,6,0,0
BRDA:118,6,1,195
BRDA:118,7,0,195
BRDA:118,7,1,3
BRDA:127,8,0,0
BRDA:127,8,1,160
BRDA:127,9,0,160
BRDA:127,9,1,160
BRDA:129,10,0,0
BRDA:129,10,1,0
BRDA:154,11,0,1
BRDA:154,11,1,62
BRDA:160,12,0,0
BRDA:160,12,1,51
BRDA:165,13,0,18
BRDA:165,13,1,33
BRDA:168,14,0,0
BRDA:168,14,1,18
BRDA:168,15,0,18
BRDA:168,15,1,18
BRDA:168,15,2,18
BRDA:174,16,0,1
BRDA:174,16,1,32
BRDA:181,17,0,0
BRDA:181,17,1,61
BRDA:184,18,0,0
BRDA:184,18,1,61
BRDA:187,19,0,0
BRDA:187,19,1,61
BRDA:198,20,0,200
BRDA:199,21,0,108
BRDA:199,21,1,343
BRDA:199,22,0,451
BRDA:199,22,1,451
BRDA:205,23,0,6
BRDA:205,23,1,337
BRDA:206,24,0,6
BRDA:206,24,1,0
BRDA:209,25,0,0
BRDA:209,25,1,6
BRDA:213,26,0,6
BRDA:213,26,1,0
BRDA:214,27,0,0
BRDA:214,27,1,6
BRDA:214,28,0,6
BRDA:214,28,1,6
BRDA:214,28,2,6
BRDA:217,29,0,0
BRDA:217,29,1,6
BRDA:222,30,0,1
BRDA:222,30,1,5
BRDA:232,31,0,1
BRDA:232,31,1,5
BRDA:246,32,0,63
BRDA:246,32,1,171
BRDA:247,33,0,63
BRDA:247,33,1,0
BRDA:250,34,0,40
BRDA:250,34,1,11
BRDA:250,34,2,9
BRDA:252,35,0,5
BRDA:252,35,1,35
BRDA:255,36,0,1
BRDA:255,36,1,10
BRDA:260,37,0,2
BRDA:260,37,1,7
BRDA:265,38,0,9
BRDA:265,38,1,222
BRDA:268,39,0,3
BRDA:268,39,1,6
BRDA:269,40,0,1
BRDA:269,40,1,2
BRDA:272,41,0,2
BRDA:272,41,1,0
BRDA:273,42,0,1
BRDA:273,42,1,1
BRDA:290,43,0,13
BRDA:290,43,1,52
BRDA:300,44,0,33
BRDA:300,44,1,19
BRDA:309,45,0,18
BRDA:309,45,1,1
BRF:94
BRH:72
end_of_record
TN:
SF:src/lib/toaster.ts
FN:23,(anonymous_0)
FN:32,(anonymous_1)
FN:35,(anonymous_2)
FN:40,(anonymous_3)
FN:44,(anonymous_4)
FN:50,(anonymous_5)
FN:87,(anonymous_6)
FN:92,(anonymous_7)
FNF:8
FNH:8
FNDA:1,(anonymous_0)
FNDA:2,(anonymous_1)
FNDA:2,(anonymous_2)
FNDA:3,(anonymous_3)
FNDA:2,(anonymous_4)
FNDA:7,(anonymous_5)
FNDA:2,(anonymous_6)
FNDA:1,(anonymous_7)
DA:4,1
DA:19,1
DA:21,1
DA:24,1
DA:25,0
DA:27,1
DA:28,1
DA:29,1
DA:33,2
DA:34,2
DA:35,2
DA:36,2
DA:41,3
DA:42,3
DA:43,2
DA:44,2
DA:45,2
DA:53,7
DA:54,7
DA:55,1
DA:57,6
DA:58,1
DA:60,5
DA:61,1
DA:63,4
DA:64,1
DA:66,3
DA:67,1
DA:69,2
DA:70,1
DA:72,1
DA:74,1
DA:79,0
DA:81,7
DA:82,0
DA:84,7
DA:88,2
DA:89,2
DA:90,2
DA:91,2
DA:92,2
DA:93,2
DA:96,1
LF:43
LH:40
BRDA:24,0,0,0
BRDA:24,0,1,1
BRDA:32,1,0,1
BRDA:42,2,0,2
BRDA:42,2,1,1
BRDA:50,3,0,0
BRDA:54,4,0,1
BRDA:54,4,1,6
BRDA:57,5,0,1
BRDA:57,5,1,5
BRDA:60,6,0,1
BRDA:60,6,1,4
BRDA:61,7,0,1
BRDA:61,7,1,0
BRDA:63,8,0,1
BRDA:63,8,1,3
BRDA:66,9,0,1
BRDA:66,9,1,2
BRDA:66,10,0,3
BRDA:66,10,1,2
BRDA:67,11,0,1
BRDA:67,11,1,0
BRDA:69,12,0,1
BRDA:69,12,1,1
BRDA:72,13,0,1
BRDA:72,13,1,0
BRDA:81,14,0,0
BRDA:81,14,1,7
BRF:28
BRH:22
end_of_record
TN:
SF:src/lib/types.d.ts
FNF:0
FNH:0
LF:0
LH:0
BRF:0
BRH:0
end_of_record
TN:
SF:src/lib/utils.ts
FN:9,isPlainObject
FN:16,isArray
FN:20,isArrayOrObject
FN:24,getKey
FN:28,getParams
FN:31,(anonymous_5)
FN:43,queryStringify
FN:48,(anonymous_7)
FN:51,isEqual
FN:67,isJsonString
FN:77,hash8
FN:81,hash16
FN:85,formDataToObject
FN:86,(anonymous_13)
FN:96,cloneDeep
FN:97,isIterable
FN:101,clone
FN:103,(anonymous_17)
FN:124,createWindowListeners
FN:125,(anonymous_19)
FN:129,(anonymous_20)
FN:135,(anonymous_21)
FN:138,(anonymous_22)
FNF:23
FNH:10
FNDA:6,isPlainObject
FNDA:4,isArray
FNDA:4,isArrayOrObject
FNDA:4,getKey
FNDA:2,getParams
FNDA:4,(anonymous_5)
FNDA:2,queryStringify
FNDA:4,(anonymous_7)
FNDA:0,isEqual
FNDA:7,isJsonString
FNDA:50,hash8
FNDA:0,hash16
FNDA:0,formDataToObject
FNDA:0,(anonymous_13)
FNDA:0,cloneDeep
FNDA:0,isIterable
FNDA:0,clone
FNDA:0,(anonymous_17)
FNDA:0,createWindowListeners
FNDA:0,(anonymous_19)
FNDA:0,(anonymous_20)
FNDA:0,(anonymous_21)
FNDA:0,(anonymous_22)
DA:10,6
DA:17,4
DA:21,4
DA:25,4
DA:29,2
DA:31,2
DA:32,4
DA:33,4
DA:34,0
DA:36,4
DA:40,2
DA:44,2
DA:45,0
DA:48,4
DA:52,0
DA:53,0
DA:55,0
DA:56,0
DA:57,0
DA:58,0
DA:60,0
DA:61,0
DA:64,0
DA:68,7
DA:69,4
DA:70,4
DA:72,2
DA:74,2
DA:78,50
DA:82,0
DA:86,0
DA:98,0
DA:102,0
DA:103,0
DA:104,0
DA:105,0
DA:106,0
DA:107,0
DA:108,0
DA:110,0
DA:116,0
DA:118,0
DA:121,0
DA:125,0
DA:126,0
DA:127,0
DA:128,0
DA:129,0
DA:130,0
DA:131,0
DA:135,0
DA:136,0
DA:137,0
DA:138,0
DA:139,0
DA:140,0
LF:56
LH:18
BRDA:10,0,0,6
BRDA:10,0,1,2
BRDA:10,0,2,2
BRDA:10,0,3,2
BRDA:21,1,0,4
BRDA:21,1,1,4
BRDA:25,2,0,0
BRDA:25,2,1,4
BRDA:33,3,0,0
BRDA:33,3,1,4
BRDA:44,4,0,0
BRDA:44,4,1,2
BRDA:52,5,0,0
BRDA:52,5,1,0
BRDA:57,6,0,0
BRDA:57,6,1,0
BRDA:57,7,0,0
BRDA:57,7,1,0
BRDA:60,8,0,0
BRDA:60,8,1,0
BRDA:68,9,0,3
BRDA:68,9,1,4
BRDA:98,10,0,0
BRDA:98,10,1,0
BRDA:102,11,0,0
BRDA:102,11,1,0
BRDA:104,12,0,0
BRDA:104,12,1,0
BRDA:105,13,0,0
BRDA:105,13,1,0
BRDA:106,14,0,0
BRDA:106,14,1,0
BRDA:121,15,0,0
BRDA:121,15,1,0
BRF:34
BRH:11
end_of_record
TN:
SF:src/lib/validate.ts
FN:20,(anonymous_0)
FN:39,(anonymous_1)
FN:41,(anonymous_2)
FNF:3
FNH:0
FNDA:0,(anonymous_0)
FNDA:0,(anonymous_1)
FNDA:0,(anonymous_2)
DA:16,0
DA:21,0
DA:22,0
DA:24,0
DA:25,0
DA:40,0
DA:41,0
DA:43,0
DA:44,0
DA:45,0
DA:46,0
DA:47,0
DA:48,0
DA:49,0
DA:51,0
DA:53,0
DA:54,0
DA:57,0
DA:58,0
DA:59,0
DA:60,0
DA:61,0
DA:63,0
DA:65,0
DA:66,0
LF:25
LH:0
BRDA:21,0,0,0
BRDA:21,0,1,0
BRDA:44,1,0,0
BRDA:44,1,1,0
BRDA:46,2,0,0
BRDA:46,2,1,0
BRDA:53,3,0,0
BRDA:53,3,1,0
BRDA:58,4,0,0
BRDA:58,4,1,0
BRDA:58,5,0,0
BRDA:58,5,1,0
BRF:12
BRH:0
end_of_record
